#
# There is insufficient memory for the Java Runtime Environment to continue.
# Native memory allocation (malloc) failed to allocate 1052576 bytes for Chunk::new
# Possible reasons:
#   The system is out of physical RAM or swap space
#   The process is running with CompressedOops enabled, and the Java Heap may be blocking the growth of the native heap
# Possible solutions:
#   Reduce memory load on the system
#   Increase physical memory or swap space
#   Check if swap backing store is full
#   Decrease Java heap size (-Xmx/-Xms)
#   Decrease number of Java threads
#   Decrease Java thread stack sizes (-Xss)
#   Set larger code cache with -XX:ReservedCodeCacheSize=
#   JVM is running with Zero Based Compressed Oops mode in which the Java heap is
#     placed in the first 32GB address space. The Java Heap base address is the
#     maximum limit for the native heap growth. Please use -XX:HeapBaseMinAddress
#     to set the Java Heap base and to place the Java Heap above 32GB virtual address.
# This output file may be truncated or incomplete.
#
#  Out of Memory Error (arena.cpp:168), pid=6388, tid=11168
#
# JRE version: Java(TM) SE Runtime Environment (21.0.3+7) (build 21.0.3+7-LTS-152)
# Java VM: Java HotSpot(TM) 64-Bit Server VM (21.0.3+7-LTS-152, mixed mode, sharing, tiered, compressed oops, compressed class ptrs, g1 gc, windows-amd64)
# No core dump will be written. Minidumps are not enabled by default on client versions of Windows
#

---------------  S U M M A R Y ------------

Command Line: --add-opens=java.base/java.lang=ALL-UNNAMED --add-opens=java.base/java.lang.invoke=ALL-UNNAMED --add-opens=java.base/java.util=ALL-UNNAMED --add-opens=java.prefs/java.util.prefs=ALL-UNNAMED --add-exports=jdk.compiler/com.sun.tools.javac.api=ALL-UNNAMED --add-exports=jdk.compiler/com.sun.tools.javac.util=ALL-UNNAMED --add-opens=java.base/java.util=ALL-UNNAMED --add-opens=java.prefs/java.util.prefs=ALL-UNNAMED --add-opens=java.base/java.nio.charset=ALL-UNNAMED --add-opens=java.base/java.net=ALL-UNNAMED --add-opens=java.base/java.util.concurrent.atomic=ALL-UNNAMED --add-opens=java.xml/javax.xml.namespace=ALL-UNNAMED -XX:MaxMetaspaceSize=4G -XX:ReservedCodeCacheSize=512m -XX:+HeapDumpOnOutOfMemoryError -Xmx8G -Dfile.encoding=UTF-8 -Duser.country=ES -Duser.language=es -Duser.variant -javaagent:C:\Users\bmth_\.gradle\wrapper\dists\gradle-8.12-all\ejduaidbjup3bmmkhw3rie4zb\gradle-8.12\lib\agents\gradle-instrumentation-agent-8.12.jar org.gradle.launcher.daemon.bootstrap.GradleDaemon 8.12

Host: AMD Ryzen 3 5300U with Radeon Graphics         , 8 cores, 5G,  Windows 11 , 64 bit Build 26100 (10.0.26100.7019)
Time: Thu Nov 27 17:15:02 2025 Hora est. Pacífico, Sudamérica elapsed time: 76.138515 seconds (0d 0h 1m 16s)

---------------  T H R E A D  ---------------

Current thread (0x0000025dc1657990):  JavaThread "C2 CompilerThread0" daemon [_thread_in_native, id=11168, stack(0x0000007c69e00000,0x0000007c69f00000) (1024K)]


Current CompileTask:
C2:  76138 16875       4       java.lang.invoke.MethodHandleImpl::makePairwiseConvertByEditor (617 bytes)

Stack: [0x0000007c69e00000,0x0000007c69f00000]
Native frames: (J=compiled Java code, j=interpreted, Vv=VM code, C=native code)
V  [jvm.dll+0x6c63b9]
V  [jvm.dll+0x84fa11]
V  [jvm.dll+0x851f3e]
V  [jvm.dll+0x852613]
V  [jvm.dll+0x27cd46]
V  [jvm.dll+0xc4aad]
V  [jvm.dll+0xc4fe3]
V  [jvm.dll+0x2efaff]
V  [jvm.dll+0x5f150a]
V  [jvm.dll+0x24e99f]
V  [jvm.dll+0x2477af]
V  [jvm.dll+0x245014]
V  [jvm.dll+0x1c689e]
V  [jvm.dll+0x254609]
V  [jvm.dll+0x252b9a]
V  [jvm.dll+0x3eb056]
V  [jvm.dll+0x7f9ffb]
V  [jvm.dll+0x6c4a9d]
C  [ucrtbase.dll+0x37b0]
C  [KERNEL32.DLL+0x2e8d7]
C  [ntdll.dll+0x8c53c]


---------------  P R O C E S S  ---------------

Threads class SMR info:
_java_thread_list=0x0000025e0c598240, length=134, elements={
0x0000025d8a9cb6b0, 0x0000025dc164cb70, 0x0000025dc164f6e0, 0x0000025dc1652cd0,
0x0000025dc1655740, 0x0000025dc16561a0, 0x0000025dc1656c00, 0x0000025dc1657990,
0x0000025dc1658430, 0x0000025e071c1f10, 0x0000025e07386040, 0x0000025e08cadde0,
0x0000025e08ccc7e0, 0x0000025e08bd0960, 0x0000025e08dbb020, 0x0000025e08dbc750,
0x0000025e08df0ba0, 0x0000025e08b00db0, 0x0000025e08b01ad0, 0x0000025e08b02160,
0x0000025e08b02e80, 0x0000025e08b027f0, 0x0000025e08b03510, 0x0000025e08b03ba0,
0x0000025e097de910, 0x0000025e097defa0, 0x0000025e097e1070, 0x0000025e097e09e0,
0x0000025e097df630, 0x0000025e097e0350, 0x0000025e097dfcc0, 0x0000025e097ddbf0,
0x0000025e097e1700, 0x0000025e097de280, 0x0000025e097e3140, 0x0000025e097e4b80,
0x0000025e097e1d90, 0x0000025e097e44f0, 0x0000025e097e2420, 0x0000025e0c27f370,
0x0000025e0c282160, 0x0000025e0c281440, 0x0000025e0c2827f0, 0x0000025e0c280db0,
0x0000025e0c280090, 0x0000025e0c2848c0, 0x0000025e0c286300, 0x0000025e0c285c70,
0x0000025e0c2855e0, 0x0000025e0c283ba0, 0x0000025e0c284230, 0x0000025e0c282e80,
0x0000025e0c283510, 0x0000025e0c284f50, 0x0000025e0734a570, 0x0000025e0734b920,
0x0000025e07349ee0, 0x0000025e0734bfb0, 0x0000025e0734ac00, 0x0000025e07349850,
0x0000025e0734d9f0, 0x0000025e0734c640, 0x0000025e0734ccd0, 0x0000025e0734e080,
0x0000025e0734b290, 0x0000025e07350e70, 0x0000025e0dee3410, 0x0000025e0dee3aa0,
0x0000025e0dee2060, 0x0000025e0dee4130, 0x0000025e0dee2d80, 0x0000025e0dee47c0,
0x0000025e0dee4e50, 0x0000025e0dee54e0, 0x0000025e0dee26f0, 0x0000025e0dee8ff0,
0x0000025e0dee6890, 0x0000025e0dee82d0, 0x0000025e0dee6200, 0x0000025e0dee6f20,
0x0000025e0dee75b0, 0x0000025e0dee7c40, 0x0000025e0dee8960, 0x0000025e0dee9680,
0x0000025e0deb4040, 0x0000025e0deb3320, 0x0000025e0deb53f0, 0x0000025e0deb4d60,
0x0000025e0deb2c90, 0x0000025e0deb2600, 0x0000025e0deb1f70, 0x0000025e0deb46d0,
0x0000025e0deb39b0, 0x0000025e0da3a6e0, 0x0000025e0da3e1f0, 0x0000025e0da3c120,
0x0000025e0da3c7b0, 0x0000025e0da3b400, 0x0000025e0da3ce40, 0x0000025e0da3ba90,
0x0000025e0da3db60, 0x0000025e0da3ad70, 0x0000025e0da3f5a0, 0x0000025e0da40fe0,
0x0000025e0da41d00, 0x0000025e0da402c0, 0x0000025e0da3ef10, 0x0000025e0da3e880,
0x0000025e0da3fc30, 0x0000025e0da40950, 0x0000025e0da41670, 0x0000025e0a9e7420,
0x0000025e0a9e6070, 0x0000025e0a9e8140, 0x0000025e0a9e7ab0, 0x0000025e0a9e59e0,
0x0000025e0a9e6d90, 0x0000025e0a9e6700, 0x0000025e0a9e5350, 0x0000025e0a9ea8a0,
0x0000025e0a9e8e60, 0x0000025e0a9e94f0, 0x0000025e0a9ea210, 0x0000025e0a9e9b80,
0x0000025e0a9eaf30, 0x0000025e0a9ec2e0, 0x0000025e0a9ec970, 0x0000025e0a9eb5c0,
0x0000025e0a9ebc50, 0x0000025e0e380cc0, 0x0000025e0e381350, 0x0000025e0e37ded0,
0x0000025e0e3819e0, 0x0000025e0e37f910
}

Java Threads: ( => current thread )
  0x0000025d8a9cb6b0 JavaThread "main"                              [_thread_blocked, id=22424, stack(0x0000007c69000000,0x0000007c69100000) (1024K)]
  0x0000025dc164cb70 JavaThread "Reference Handler"          daemon [_thread_blocked, id=25152, stack(0x0000007c69800000,0x0000007c69900000) (1024K)]
  0x0000025dc164f6e0 JavaThread "Finalizer"                  daemon [_thread_blocked, id=14048, stack(0x0000007c69900000,0x0000007c69a00000) (1024K)]
  0x0000025dc1652cd0 JavaThread "Signal Dispatcher"          daemon [_thread_blocked, id=756, stack(0x0000007c69a00000,0x0000007c69b00000) (1024K)]
  0x0000025dc1655740 JavaThread "Attach Listener"            daemon [_thread_blocked, id=13192, stack(0x0000007c69b00000,0x0000007c69c00000) (1024K)]
  0x0000025dc16561a0 JavaThread "Service Thread"             daemon [_thread_blocked, id=24524, stack(0x0000007c69c00000,0x0000007c69d00000) (1024K)]
  0x0000025dc1656c00 JavaThread "Monitor Deflation Thread"   daemon [_thread_blocked, id=19776, stack(0x0000007c69d00000,0x0000007c69e00000) (1024K)]
=>0x0000025dc1657990 JavaThread "C2 CompilerThread0"         daemon [_thread_in_native, id=11168, stack(0x0000007c69e00000,0x0000007c69f00000) (1024K)]
  0x0000025dc1658430 JavaThread "C1 CompilerThread0"         daemon [_thread_blocked, id=21684, stack(0x0000007c69f00000,0x0000007c6a000000) (1024K)]
  0x0000025e071c1f10 JavaThread "Common-Cleaner"             daemon [_thread_blocked, id=24328, stack(0x0000007c6a000000,0x0000007c6a100000) (1024K)]
  0x0000025e07386040 JavaThread "Notification Thread"        daemon [_thread_blocked, id=20068, stack(0x0000007c6a100000,0x0000007c6a200000) (1024K)]
  0x0000025e08cadde0 JavaThread "Daemon health stats"               [_thread_blocked, id=20628, stack(0x0000007c6a600000,0x0000007c6a700000) (1024K)]
  0x0000025e08ccc7e0 JavaThread "Incoming local TCP Connector on port 53555"        [_thread_in_native, id=16292, stack(0x0000007c6a700000,0x0000007c6a800000) (1024K)]
  0x0000025e08bd0960 JavaThread "Daemon periodic checks"            [_thread_blocked, id=19480, stack(0x0000007c6a800000,0x0000007c6a900000) (1024K)]
  0x0000025e08dbb020 JavaThread "Daemon"                            [_thread_blocked, id=4736, stack(0x0000007c6a900000,0x0000007c6aa00000) (1024K)]
  0x0000025e08dbc750 JavaThread "Handler for socket connection from /127.0.0.1:53555 to /127.0.0.1:53556"        [_thread_in_native, id=23620, stack(0x0000007c6aa00000,0x0000007c6ab00000) (1024K)]
  0x0000025e08df0ba0 JavaThread "Cancel handler"                    [_thread_blocked, id=14720, stack(0x0000007c6ab00000,0x0000007c6ac00000) (1024K)]
  0x0000025e08b00db0 JavaThread "Daemon worker"                     [_thread_in_Java, id=3396, stack(0x0000007c6ac00000,0x0000007c6ad00000) (1024K)]
  0x0000025e08b01ad0 JavaThread "Asynchronous log dispatcher for DefaultDaemonConnection: socket connection from /127.0.0.1:53555 to /127.0.0.1:53556"        [_thread_blocked, id=16920, stack(0x0000007c6ad00000,0x0000007c6ae00000) (1024K)]
  0x0000025e08b02160 JavaThread "Stdin handler"                     [_thread_blocked, id=17960, stack(0x0000007c6ae00000,0x0000007c6af00000) (1024K)]
  0x0000025e08b02e80 JavaThread "Daemon client event forwarder"        [_thread_blocked, id=23732, stack(0x0000007c6af00000,0x0000007c6b000000) (1024K)]
  0x0000025e08b027f0 JavaThread "Cache worker for journal cache (C:\Users\bmth_\.gradle\caches\journal-1)"        [_thread_blocked, id=22188, stack(0x0000007c6b300000,0x0000007c6b400000) (1024K)]
  0x0000025e08b03510 JavaThread "File lock request listener"        [_thread_in_native, id=20508, stack(0x0000007c6b400000,0x0000007c6b500000) (1024K)]
  0x0000025e08b03ba0 JavaThread "Cache worker for file hash cache (C:\Users\bmth_\.gradle\caches\8.12\fileHashes)"        [_thread_blocked, id=16780, stack(0x0000007c6b500000,0x0000007c6b600000) (1024K)]
  0x0000025e097de910 JavaThread "Cache worker for file hash cache (C:\Users\bmth_\OneDrive\Escritorio\galeria_final\galeria_final\android\.gradle\8.12\fileHashes)"        [_thread_blocked, id=19828, stack(0x0000007c6b700000,0x0000007c6b800000) (1024K)]
  0x0000025e097defa0 JavaThread "Cache worker for Build Output Cleanup Cache (C:\Users\bmth_\OneDrive\Escritorio\galeria_final\galeria_final\android\.gradle\buildOutputCleanup)"        [_thread_blocked, id=10964, stack(0x0000007c6b800000,0x0000007c6b900000) (1024K)]
  0x0000025e097e1070 JavaThread "File lock release action executor"        [_thread_blocked, id=20672, stack(0x0000007c6b900000,0x0000007c6ba00000) (1024K)]
  0x0000025e097e09e0 JavaThread "File watcher server"        daemon [_thread_in_native, id=22260, stack(0x0000007c6ba00000,0x0000007c6bb00000) (1024K)]
  0x0000025e097df630 JavaThread "File watcher consumer"      daemon [_thread_blocked, id=15528, stack(0x0000007c6bb00000,0x0000007c6bc00000) (1024K)]
  0x0000025e097e0350 JavaThread "jar transforms"                    [_thread_blocked, id=26324, stack(0x0000007c6bc00000,0x0000007c6bd00000) (1024K)]
  0x0000025e097dfcc0 JavaThread "jar transforms Thread 2"           [_thread_blocked, id=13256, stack(0x0000007c6bd00000,0x0000007c6be00000) (1024K)]
  0x0000025e097ddbf0 JavaThread "jar transforms Thread 3"           [_thread_blocked, id=24288, stack(0x0000007c6be00000,0x0000007c6bf00000) (1024K)]
  0x0000025e097e1700 JavaThread "jar transforms Thread 4"           [_thread_blocked, id=20688, stack(0x0000007c6bf00000,0x0000007c6c000000) (1024K)]
  0x0000025e097de280 JavaThread "jar transforms Thread 5"           [_thread_blocked, id=20512, stack(0x0000007c6c000000,0x0000007c6c100000) (1024K)]
  0x0000025e097e3140 JavaThread "Cache worker for checksums cache (C:\Users\bmth_\OneDrive\Escritorio\galeria_final\galeria_final\android\.gradle\8.12\checksums)"        [_thread_blocked, id=22892, stack(0x0000007c6c200000,0x0000007c6c300000) (1024K)]
  0x0000025e097e4b80 JavaThread "Cache worker for file content cache (C:\Users\bmth_\.gradle\caches\8.12\fileContent)"        [_thread_blocked, id=1856, stack(0x0000007c6c300000,0x0000007c6c400000) (1024K)]
  0x0000025e097e1d90 JavaThread "jar transforms Thread 6"           [_thread_blocked, id=26072, stack(0x0000007c6c400000,0x0000007c6c500000) (1024K)]
  0x0000025e097e44f0 JavaThread "jar transforms Thread 7"           [_thread_blocked, id=25288, stack(0x0000007c6c500000,0x0000007c6c600000) (1024K)]
  0x0000025e097e2420 JavaThread "jar transforms Thread 8"           [_thread_blocked, id=15480, stack(0x0000007c6c100000,0x0000007c6c200000) (1024K)]
  0x0000025e0c27f370 JavaThread "Cache worker for cache directory md-rule (C:\Users\bmth_\.gradle\caches\8.12\md-rule)"        [_thread_blocked, id=26172, stack(0x0000007c6c600000,0x0000007c6c700000) (1024K)]
  0x0000025e0c282160 JavaThread "Cache worker for cache directory md-supplier (C:\Users\bmth_\.gradle\caches\8.12\md-supplier)"        [_thread_blocked, id=20548, stack(0x0000007c6c700000,0x0000007c6c800000) (1024K)]
  0x0000025e0c281440 JavaThread "Cache worker for Build Output Cleanup Cache (C:\flutter\packages\flutter_tools\gradle\.gradle\buildOutputCleanup)"        [_thread_blocked, id=22944, stack(0x0000007c6c900000,0x0000007c6ca00000) (1024K)]
  0x0000025e0c2827f0 JavaThread "Unconstrained build operations"        [_thread_blocked, id=19664, stack(0x0000007c6cb00000,0x0000007c6cc00000) (1024K)]
  0x0000025e0c280db0 JavaThread "Unconstrained build operations Thread 2"        [_thread_blocked, id=20076, stack(0x0000007c6cc00000,0x0000007c6cd00000) (1024K)]
  0x0000025e0c280090 JavaThread "Unconstrained build operations Thread 3"        [_thread_blocked, id=9832, stack(0x0000007c6cd00000,0x0000007c6ce00000) (1024K)]
  0x0000025e0c2848c0 JavaThread "Unconstrained build operations Thread 4"        [_thread_blocked, id=12600, stack(0x0000007c6ce00000,0x0000007c6cf00000) (1024K)]
  0x0000025e0c286300 JavaThread "Unconstrained build operations Thread 5"        [_thread_blocked, id=21772, stack(0x0000007c6cf00000,0x0000007c6d000000) (1024K)]
  0x0000025e0c285c70 JavaThread "Unconstrained build operations Thread 6"        [_thread_blocked, id=21144, stack(0x0000007c6d000000,0x0000007c6d100000) (1024K)]
  0x0000025e0c2855e0 JavaThread "Unconstrained build operations Thread 7"        [_thread_blocked, id=3040, stack(0x0000007c6d100000,0x0000007c6d200000) (1024K)]
  0x0000025e0c283ba0 JavaThread "Unconstrained build operations Thread 8"        [_thread_blocked, id=21064, stack(0x0000007c6ca00000,0x0000007c6cb00000) (1024K)]
  0x0000025e0c284230 JavaThread "Unconstrained build operations Thread 9"        [_thread_blocked, id=17080, stack(0x0000007c6d200000,0x0000007c6d300000) (1024K)]
  0x0000025e0c282e80 JavaThread "Unconstrained build operations Thread 10"        [_thread_blocked, id=21752, stack(0x0000007c6d300000,0x0000007c6d400000) (1024K)]
  0x0000025e0c283510 JavaThread "Unconstrained build operations Thread 11"        [_thread_blocked, id=21072, stack(0x0000007c6d400000,0x0000007c6d500000) (1024K)]
  0x0000025e0c284f50 JavaThread "Unconstrained build operations Thread 12"        [_thread_blocked, id=15144, stack(0x0000007c6d500000,0x0000007c6d600000) (1024K)]
  0x0000025e0734a570 JavaThread "Unconstrained build operations Thread 13"        [_thread_blocked, id=22980, stack(0x0000007c6d600000,0x0000007c6d700000) (1024K)]
  0x0000025e0734b920 JavaThread "Unconstrained build operations Thread 14"        [_thread_blocked, id=9972, stack(0x0000007c6d700000,0x0000007c6d800000) (1024K)]
  0x0000025e07349ee0 JavaThread "Unconstrained build operations Thread 15"        [_thread_blocked, id=11956, stack(0x0000007c6d800000,0x0000007c6d900000) (1024K)]
  0x0000025e0734bfb0 JavaThread "Unconstrained build operations Thread 16"        [_thread_blocked, id=13516, stack(0x0000007c6d900000,0x0000007c6da00000) (1024K)]
  0x0000025e0734ac00 JavaThread "Unconstrained build operations Thread 17"        [_thread_blocked, id=20080, stack(0x0000007c6da00000,0x0000007c6db00000) (1024K)]
  0x0000025e07349850 JavaThread "Unconstrained build operations Thread 18"        [_thread_blocked, id=25300, stack(0x0000007c6db00000,0x0000007c6dc00000) (1024K)]
  0x0000025e0734d9f0 JavaThread "Unconstrained build operations Thread 19"        [_thread_blocked, id=6744, stack(0x0000007c6dc00000,0x0000007c6dd00000) (1024K)]
  0x0000025e0734c640 JavaThread "Unconstrained build operations Thread 20"        [_thread_blocked, id=3764, stack(0x0000007c6dd00000,0x0000007c6de00000) (1024K)]
  0x0000025e0734ccd0 JavaThread "Unconstrained build operations Thread 21"        [_thread_blocked, id=11528, stack(0x0000007c6de00000,0x0000007c6df00000) (1024K)]
  0x0000025e0734e080 JavaThread "Memory manager"                    [_thread_blocked, id=20476, stack(0x0000007c6e000000,0x0000007c6e100000) (1024K)]
  0x0000025e0734b290 JavaThread "build event listener"              [_thread_blocked, id=21020, stack(0x0000007c6df00000,0x0000007c6e000000) (1024K)]
  0x0000025e07350e70 JavaThread "included builds"                   [_thread_blocked, id=13864, stack(0x0000007c6e100000,0x0000007c6e200000) (1024K)]
  0x0000025e0dee3410 JavaThread "Execution worker"                  [_thread_blocked, id=19936, stack(0x0000007c6e200000,0x0000007c6e300000) (1024K)]
  0x0000025e0dee3aa0 JavaThread "Execution worker Thread 2"         [_thread_blocked, id=12568, stack(0x0000007c6e300000,0x0000007c6e400000) (1024K)]
  0x0000025e0dee2060 JavaThread "Execution worker Thread 3"         [_thread_blocked, id=11984, stack(0x0000007c6e400000,0x0000007c6e500000) (1024K)]
  0x0000025e0dee4130 JavaThread "Execution worker Thread 4"         [_thread_blocked, id=19288, stack(0x0000007c6e500000,0x0000007c6e600000) (1024K)]
  0x0000025e0dee2d80 JavaThread "Execution worker Thread 5"         [_thread_blocked, id=2524, stack(0x0000007c6e600000,0x0000007c6e700000) (1024K)]
  0x0000025e0dee47c0 JavaThread "Execution worker Thread 6"         [_thread_blocked, id=22508, stack(0x0000007c6e700000,0x0000007c6e800000) (1024K)]
  0x0000025e0dee4e50 JavaThread "Execution worker Thread 7"         [_thread_blocked, id=23900, stack(0x0000007c6e800000,0x0000007c6e900000) (1024K)]
  0x0000025e0dee54e0 JavaThread "Cache worker for execution history cache (C:\flutter\packages\flutter_tools\gradle\.gradle\8.12\executionHistory)"        [_thread_blocked, id=8632, stack(0x0000007c6e900000,0x0000007c6ea00000) (1024K)]
  0x0000025e0dee26f0 JavaThread "Unconstrained build operations Thread 22"        [_thread_blocked, id=4832, stack(0x0000007c6ea00000,0x0000007c6eb00000) (1024K)]
  0x0000025e0dee8ff0 JavaThread "Unconstrained build operations Thread 23"        [_thread_blocked, id=22108, stack(0x0000007c6eb00000,0x0000007c6ec00000) (1024K)]
  0x0000025e0dee6890 JavaThread "Unconstrained build operations Thread 24"        [_thread_blocked, id=25076, stack(0x0000007c6ec00000,0x0000007c6ed00000) (1024K)]
  0x0000025e0dee82d0 JavaThread "Unconstrained build operations Thread 25"        [_thread_blocked, id=18372, stack(0x0000007c6ed00000,0x0000007c6ee00000) (1024K)]
  0x0000025e0dee6200 JavaThread "Unconstrained build operations Thread 26"        [_thread_blocked, id=14240, stack(0x0000007c6ee00000,0x0000007c6ef00000) (1024K)]
  0x0000025e0dee6f20 JavaThread "Unconstrained build operations Thread 27"        [_thread_blocked, id=10860, stack(0x0000007c6ef00000,0x0000007c6f000000) (1024K)]
  0x0000025e0dee75b0 JavaThread "Unconstrained build operations Thread 28"        [_thread_blocked, id=23992, stack(0x0000007c6f000000,0x0000007c6f100000) (1024K)]
  0x0000025e0dee7c40 JavaThread "Unconstrained build operations Thread 29"        [_thread_blocked, id=22748, stack(0x0000007c6f100000,0x0000007c6f200000) (1024K)]
  0x0000025e0dee8960 JavaThread "Unconstrained build operations Thread 30"        [_thread_blocked, id=23324, stack(0x0000007c6f200000,0x0000007c6f300000) (1024K)]
  0x0000025e0dee9680 JavaThread "Unconstrained build operations Thread 31"        [_thread_blocked, id=22364, stack(0x0000007c6f300000,0x0000007c6f400000) (1024K)]
  0x0000025e0deb4040 JavaThread "Unconstrained build operations Thread 32"        [_thread_blocked, id=17764, stack(0x0000007c6f400000,0x0000007c6f500000) (1024K)]
  0x0000025e0deb3320 JavaThread "Unconstrained build operations Thread 33"        [_thread_blocked, id=18276, stack(0x0000007c6f500000,0x0000007c6f600000) (1024K)]
  0x0000025e0deb53f0 JavaThread "Unconstrained build operations Thread 34"        [_thread_blocked, id=21840, stack(0x0000007c6f600000,0x0000007c6f700000) (1024K)]
  0x0000025e0deb4d60 JavaThread "Unconstrained build operations Thread 35"        [_thread_blocked, id=21988, stack(0x0000007c6f700000,0x0000007c6f800000) (1024K)]
  0x0000025e0deb2c90 JavaThread "Unconstrained build operations Thread 36"        [_thread_blocked, id=21224, stack(0x0000007c6f800000,0x0000007c6f900000) (1024K)]
  0x0000025e0deb2600 JavaThread "Unconstrained build operations Thread 37"        [_thread_blocked, id=15512, stack(0x0000007c6f900000,0x0000007c6fa00000) (1024K)]
  0x0000025e0deb1f70 JavaThread "Unconstrained build operations Thread 38"        [_thread_blocked, id=23360, stack(0x0000007c6fa00000,0x0000007c6fb00000) (1024K)]
  0x0000025e0deb46d0 JavaThread "Unconstrained build operations Thread 39"        [_thread_blocked, id=26468, stack(0x0000007c6fb00000,0x0000007c6fc00000) (1024K)]
  0x0000025e0deb39b0 JavaThread "Unconstrained build operations Thread 40"        [_thread_blocked, id=2784, stack(0x0000007c6fc00000,0x0000007c6fd00000) (1024K)]
  0x0000025e0da3a6e0 JavaThread "Unconstrained build operations Thread 41"        [_thread_blocked, id=10468, stack(0x0000007c6fd00000,0x0000007c6fe00000) (1024K)]
  0x0000025e0da3e1f0 JavaThread "Unconstrained build operations Thread 42"        [_thread_blocked, id=14836, stack(0x0000007c6fe00000,0x0000007c6ff00000) (1024K)]
  0x0000025e0da3c120 JavaThread "Unconstrained build operations Thread 43"        [_thread_blocked, id=19676, stack(0x0000007c6ff00000,0x0000007c70000000) (1024K)]
  0x0000025e0da3c7b0 JavaThread "Unconstrained build operations Thread 44"        [_thread_blocked, id=11344, stack(0x0000007c70000000,0x0000007c70100000) (1024K)]
  0x0000025e0da3b400 JavaThread "Unconstrained build operations Thread 45"        [_thread_blocked, id=4976, stack(0x0000007c70100000,0x0000007c70200000) (1024K)]
  0x0000025e0da3ce40 JavaThread "Unconstrained build operations Thread 46"        [_thread_blocked, id=8492, stack(0x0000007c70200000,0x0000007c70300000) (1024K)]
  0x0000025e0da3ba90 JavaThread "Unconstrained build operations Thread 47"        [_thread_blocked, id=24312, stack(0x0000007c70300000,0x0000007c70400000) (1024K)]
  0x0000025e0da3db60 JavaThread "Unconstrained build operations Thread 48"        [_thread_blocked, id=24792, stack(0x0000007c70400000,0x0000007c70500000) (1024K)]
  0x0000025e0da3ad70 JavaThread "Unconstrained build operations Thread 49"        [_thread_blocked, id=7236, stack(0x0000007c70500000,0x0000007c70600000) (1024K)]
  0x0000025e0da3f5a0 JavaThread "Unconstrained build operations Thread 50"        [_thread_blocked, id=13056, stack(0x0000007c70600000,0x0000007c70700000) (1024K)]
  0x0000025e0da40fe0 JavaThread "Unconstrained build operations Thread 51"        [_thread_blocked, id=26244, stack(0x0000007c70700000,0x0000007c70800000) (1024K)]
  0x0000025e0da41d00 JavaThread "Unconstrained build operations Thread 52"        [_thread_blocked, id=4696, stack(0x0000007c70800000,0x0000007c70900000) (1024K)]
  0x0000025e0da402c0 JavaThread "Unconstrained build operations Thread 53"        [_thread_blocked, id=3544, stack(0x0000007c70900000,0x0000007c70a00000) (1024K)]
  0x0000025e0da3ef10 JavaThread "Unconstrained build operations Thread 54"        [_thread_blocked, id=22084, stack(0x0000007c70a00000,0x0000007c70b00000) (1024K)]
  0x0000025e0da3e880 JavaThread "Unconstrained build operations Thread 55"        [_thread_blocked, id=13136, stack(0x0000007c70b00000,0x0000007c70c00000) (1024K)]
  0x0000025e0da3fc30 JavaThread "Unconstrained build operations Thread 56"        [_thread_blocked, id=14276, stack(0x0000007c70c00000,0x0000007c70d00000) (1024K)]
  0x0000025e0da40950 JavaThread "Unconstrained build operations Thread 57"        [_thread_blocked, id=22940, stack(0x0000007c70d00000,0x0000007c70e00000) (1024K)]
  0x0000025e0da41670 JavaThread "Unconstrained build operations Thread 58"        [_thread_blocked, id=25120, stack(0x0000007c70e00000,0x0000007c70f00000) (1024K)]
  0x0000025e0a9e7420 JavaThread "Unconstrained build operations Thread 59"        [_thread_blocked, id=24132, stack(0x0000007c70f00000,0x0000007c71000000) (1024K)]
  0x0000025e0a9e6070 JavaThread "Unconstrained build operations Thread 60"        [_thread_blocked, id=1588, stack(0x0000007c71000000,0x0000007c71100000) (1024K)]
  0x0000025e0a9e8140 JavaThread "Unconstrained build operations Thread 61"        [_thread_blocked, id=25144, stack(0x0000007c71100000,0x0000007c71200000) (1024K)]
  0x0000025e0a9e7ab0 JavaThread "Unconstrained build operations Thread 62"        [_thread_blocked, id=1480, stack(0x0000007c71200000,0x0000007c71300000) (1024K)]
  0x0000025e0a9e59e0 JavaThread "Unconstrained build operations Thread 63"        [_thread_blocked, id=15172, stack(0x0000007c71300000,0x0000007c71400000) (1024K)]
  0x0000025e0a9e6d90 JavaThread "Unconstrained build operations Thread 64"        [_thread_blocked, id=23464, stack(0x0000007c71400000,0x0000007c71500000) (1024K)]
  0x0000025e0a9e6700 JavaThread "Unconstrained build operations Thread 65"        [_thread_blocked, id=19012, stack(0x0000007c71500000,0x0000007c71600000) (1024K)]
  0x0000025e0a9e5350 JavaThread "Unconstrained build operations Thread 66"        [_thread_blocked, id=15380, stack(0x0000007c6c800000,0x0000007c6c900000) (1024K)]
  0x0000025e0a9ea8a0 JavaThread "Unconstrained build operations Thread 67"        [_thread_blocked, id=19772, stack(0x0000007c71600000,0x0000007c71700000) (1024K)]
  0x0000025e0a9e8e60 JavaThread "Unconstrained build operations Thread 68"        [_thread_blocked, id=24680, stack(0x0000007c71700000,0x0000007c71800000) (1024K)]
  0x0000025e0a9e94f0 JavaThread "Unconstrained build operations Thread 69"        [_thread_blocked, id=5052, stack(0x0000007c71800000,0x0000007c71900000) (1024K)]
  0x0000025e0a9ea210 JavaThread "Unconstrained build operations Thread 70"        [_thread_blocked, id=20852, stack(0x0000007c71900000,0x0000007c71a00000) (1024K)]
  0x0000025e0a9e9b80 JavaThread "Unconstrained build operations Thread 71"        [_thread_blocked, id=8364, stack(0x0000007c71a00000,0x0000007c71b00000) (1024K)]
  0x0000025e0a9eaf30 JavaThread "Unconstrained build operations Thread 72"        [_thread_blocked, id=11256, stack(0x0000007c71b00000,0x0000007c71c00000) (1024K)]
  0x0000025e0a9ec2e0 JavaThread "Unconstrained build operations Thread 73"        [_thread_blocked, id=11372, stack(0x0000007c71c00000,0x0000007c71d00000) (1024K)]
  0x0000025e0a9ec970 JavaThread "Unconstrained build operations Thread 74"        [_thread_blocked, id=26380, stack(0x0000007c71d00000,0x0000007c71e00000) (1024K)]
  0x0000025e0a9eb5c0 JavaThread "Unconstrained build operations Thread 75"        [_thread_blocked, id=20968, stack(0x0000007c71e00000,0x0000007c71f00000) (1024K)]
  0x0000025e0a9ebc50 JavaThread "Unconstrained build operations Thread 76"        [_thread_blocked, id=23788, stack(0x0000007c71f00000,0x0000007c72000000) (1024K)]
  0x0000025e0e380cc0 JavaThread "Unconstrained build operations Thread 77"        [_thread_blocked, id=24752, stack(0x0000007c72000000,0x0000007c72100000) (1024K)]
  0x0000025e0e381350 JavaThread "Unconstrained build operations Thread 78"        [_thread_blocked, id=1848, stack(0x0000007c72100000,0x0000007c72200000) (1024K)]
  0x0000025e0e37ded0 JavaThread "Unconstrained build operations Thread 79"        [_thread_blocked, id=18984, stack(0x0000007c72200000,0x0000007c72300000) (1024K)]
  0x0000025e0e3819e0 JavaThread "Unconstrained build operations Thread 80"        [_thread_blocked, id=16624, stack(0x0000007c72300000,0x0000007c72400000) (1024K)]
  0x0000025e0e37f910 JavaThread "build event listener"              [_thread_blocked, id=24972, stack(0x0000007c72400000,0x0000007c72500000) (1024K)]
Total: 134

Other Threads:
  0x0000025dc16218a0 VMThread "VM Thread"                           [id=23668, stack(0x0000007c69700000,0x0000007c69800000) (1024K)]
  0x0000025dc160bd30 WatcherThread "VM Periodic Task Thread"        [id=24868, stack(0x0000007c69600000,0x0000007c69700000) (1024K)]
  0x0000025d8ade9150 WorkerThread "GC Thread#0"                     [id=9660, stack(0x0000007c69100000,0x0000007c69200000) (1024K)]
  0x0000025e0740d110 WorkerThread "GC Thread#1"                     [id=10972, stack(0x0000007c6a200000,0x0000007c6a300000) (1024K)]
  0x0000025e073fb460 WorkerThread "GC Thread#2"                     [id=21200, stack(0x0000007c6a300000,0x0000007c6a400000) (1024K)]
  0x0000025e08128480 WorkerThread "GC Thread#3"                     [id=9908, stack(0x0000007c6a400000,0x0000007c6a500000) (1024K)]
  0x0000025e07fae400 WorkerThread "GC Thread#4"                     [id=22592, stack(0x0000007c6a500000,0x0000007c6a600000) (1024K)]
  0x0000025e08b2c1d0 WorkerThread "GC Thread#5"                     [id=25008, stack(0x0000007c6b000000,0x0000007c6b100000) (1024K)]
  0x0000025e08b2ccb0 WorkerThread "GC Thread#6"                     [id=15676, stack(0x0000007c6b100000,0x0000007c6b200000) (1024K)]
  0x0000025e08b2c910 WorkerThread "GC Thread#7"                     [id=22280, stack(0x0000007c6b200000,0x0000007c6b300000) (1024K)]
  0x0000025d8adfa040 ConcurrentGCThread "G1 Main Marker"            [id=22556, stack(0x0000007c69200000,0x0000007c69300000) (1024K)]
  0x0000025d8adfaa50 WorkerThread "G1 Conc#0"                       [id=22316, stack(0x0000007c69300000,0x0000007c69400000) (1024K)]
  0x0000025e07ddab80 WorkerThread "G1 Conc#1"                       [id=18332, stack(0x0000007c6b600000,0x0000007c6b700000) (1024K)]
  0x0000025dc14dd950 ConcurrentGCThread "G1 Refine#0"               [id=8660, stack(0x0000007c69400000,0x0000007c69500000) (1024K)]
  0x0000025dc14df3e0 ConcurrentGCThread "G1 Service"                [id=10320, stack(0x0000007c69500000,0x0000007c69600000) (1024K)]
Total: 15

Threads with active compile tasks:
C2 CompilerThread0    76177 16875       4       java.lang.invoke.MethodHandleImpl::makePairwiseConvertByEditor (617 bytes)
Total: 1

VM state: not at safepoint (normal execution)

VM Mutex/Monitor currently owned by a thread: None

Heap address: 0x0000000600000000, size: 8192 MB, Compressed Oops mode: Zero based, Oop shift amount: 3

CDS archive(s) mapped at: [0x0000025dc2000000-0x0000025dc2c90000-0x0000025dc2c90000), size 13172736, SharedBaseAddress: 0x0000025dc2000000, ArchiveRelocationMode: 1.
Compressed class space mapped at: 0x0000025dc3000000-0x0000025e03000000, reserved size: 1073741824
Narrow klass base: 0x0000025dc2000000, Narrow klass shift: 0, Narrow klass range: 0x100000000

GC Precious Log:
 CardTable entry size: 512
 Card Set container configuration: InlinePtr #cards 4 size 8 Array Of Cards #cards 32 size 80 Howl #buckets 8 coarsen threshold 7372 Howl Bitmap #cards 1024 size 144 coarsen threshold 921 Card regions per heap region 1 cards per card region 8192
 CPUs: 8 total, 8 available
 Memory: 5989M
 Large Page Support: Disabled
 NUMA Support: Disabled
 Compressed Oops: Enabled (Zero based)
 Heap Region Size: 4M
 Heap Min Capacity: 8M
 Heap Initial Capacity: 96M
 Heap Max Capacity: 8G
 Pre-touch: Disabled
 Parallel Workers: 8
 Concurrent Workers: 2
 Concurrent Refinement Workers: 8
 Periodic GC: Disabled

Heap:
 garbage-first heap   total 315392K, used 196492K [0x0000000600000000, 0x0000000800000000)
  region size 4096K, 8 young (32768K), 4 survivors (16384K)
 Metaspace       used 149095K, committed 152000K, reserved 1245184K
  class space    used 19750K, committed 21184K, reserved 1048576K

Heap Regions: E=young(eden), S=young(survivor), O=old, HS=humongous(starts), HC=humongous(continues), CS=collection set, F=free, TAMS=top-at-mark-start, PB=parsable bottom
|   0|0x0000000600000000, 0x0000000600400000, 0x0000000600400000|100%|HS|  |TAMS 0x0000000600000000| PB 0x0000000600000000| Complete 
|   1|0x0000000600400000, 0x0000000600800000, 0x0000000600800000|100%| O|  |TAMS 0x0000000600400000| PB 0x0000000600400000| Untracked 
|   2|0x0000000600800000, 0x0000000600c00000, 0x0000000600c00000|100%| O|  |TAMS 0x0000000600800000| PB 0x0000000600800000| Untracked 
|   3|0x0000000600c00000, 0x0000000601000000, 0x0000000601000000|100%| O|  |TAMS 0x0000000600c00000| PB 0x0000000600c00000| Untracked 
|   4|0x0000000601000000, 0x0000000601400000, 0x0000000601400000|100%| O|  |TAMS 0x0000000601000000| PB 0x0000000601000000| Untracked 
|   5|0x0000000601400000, 0x0000000601800000, 0x0000000601800000|100%| O|  |TAMS 0x0000000601400000| PB 0x0000000601400000| Untracked 
|   6|0x0000000601800000, 0x0000000601c00000, 0x0000000601c00000|100%| O|  |TAMS 0x0000000601800000| PB 0x0000000601800000| Untracked 
|   7|0x0000000601c00000, 0x0000000602000000, 0x0000000602000000|100%| O|  |TAMS 0x0000000601c00000| PB 0x0000000601c00000| Untracked 
|   8|0x0000000602000000, 0x0000000602400000, 0x0000000602400000|100%| O|  |TAMS 0x0000000602000000| PB 0x0000000602000000| Untracked 
|   9|0x0000000602400000, 0x0000000602800000, 0x0000000602800000|100%|HS|  |TAMS 0x0000000602400000| PB 0x0000000602400000| Complete 
|  10|0x0000000602800000, 0x0000000602c00000, 0x0000000602c00000|100%| O|  |TAMS 0x0000000602800000| PB 0x0000000602800000| Untracked 
|  11|0x0000000602c00000, 0x0000000603000000, 0x0000000603000000|100%| O|  |TAMS 0x0000000602c00000| PB 0x0000000602c00000| Untracked 
|  12|0x0000000603000000, 0x0000000603400000, 0x0000000603400000|100%|HS|  |TAMS 0x0000000603000000| PB 0x0000000603000000| Complete 
|  13|0x0000000603400000, 0x0000000603800000, 0x0000000603800000|100%| O|  |TAMS 0x0000000603400000| PB 0x0000000603400000| Untracked 
|  14|0x0000000603800000, 0x0000000603c00000, 0x0000000603c00000|100%| O|  |TAMS 0x0000000603800000| PB 0x0000000603800000| Untracked 
|  15|0x0000000603c00000, 0x0000000604000000, 0x0000000604000000|100%| O|  |TAMS 0x0000000603c00000| PB 0x0000000603c00000| Untracked 
|  16|0x0000000604000000, 0x0000000604400000, 0x0000000604400000|100%| O|  |TAMS 0x0000000604000000| PB 0x0000000604000000| Untracked 
|  17|0x0000000604400000, 0x0000000604800000, 0x0000000604800000|100%| O|  |TAMS 0x0000000604400000| PB 0x0000000604400000| Untracked 
|  18|0x0000000604800000, 0x0000000604c00000, 0x0000000604c00000|100%| O|  |TAMS 0x0000000604800000| PB 0x0000000604800000| Untracked 
|  19|0x0000000604c00000, 0x0000000604c00000, 0x0000000605000000|  0%| F|  |TAMS 0x0000000604c00000| PB 0x0000000604c00000| Untracked 
|  20|0x0000000605000000, 0x0000000605400000, 0x0000000605400000|100%| O|  |TAMS 0x0000000605000000| PB 0x0000000605000000| Untracked 
|  21|0x0000000605400000, 0x0000000605800000, 0x0000000605800000|100%| O|  |TAMS 0x0000000605400000| PB 0x0000000605400000| Untracked 
|  22|0x0000000605800000, 0x0000000605c00000, 0x0000000605c00000|100%| O|  |TAMS 0x0000000605800000| PB 0x0000000605800000| Untracked 
|  23|0x0000000605c00000, 0x0000000606000000, 0x0000000606000000|100%| O|  |TAMS 0x0000000605c00000| PB 0x0000000605c00000| Untracked 
|  24|0x0000000606000000, 0x0000000606400000, 0x0000000606400000|100%| O|  |TAMS 0x0000000606000000| PB 0x0000000606000000| Untracked 
|  25|0x0000000606400000, 0x0000000606800000, 0x0000000606800000|100%| O|  |TAMS 0x0000000606400000| PB 0x0000000606400000| Untracked 
|  26|0x0000000606800000, 0x0000000606c00000, 0x0000000606c00000|100%| O|  |TAMS 0x0000000606800000| PB 0x0000000606800000| Untracked 
|  27|0x0000000606c00000, 0x0000000607000000, 0x0000000607000000|100%| O|  |TAMS 0x0000000606c00000| PB 0x0000000606c00000| Untracked 
|  28|0x0000000607000000, 0x0000000607400000, 0x0000000607400000|100%| O|  |TAMS 0x0000000607000000| PB 0x0000000607000000| Untracked 
|  29|0x0000000607400000, 0x0000000607800000, 0x0000000607800000|100%| O|  |TAMS 0x0000000607400000| PB 0x0000000607400000| Untracked 
|  30|0x0000000607800000, 0x0000000607800000, 0x0000000607c00000|  0%| F|  |TAMS 0x0000000607800000| PB 0x0000000607800000| Untracked 
|  31|0x0000000607c00000, 0x0000000608000000, 0x0000000608000000|100%| O|  |TAMS 0x0000000607c00000| PB 0x0000000607c00000| Untracked 
|  32|0x0000000608000000, 0x0000000608400000, 0x0000000608400000|100%| O|  |TAMS 0x0000000608000000| PB 0x0000000608000000| Untracked 
|  33|0x0000000608400000, 0x0000000608800000, 0x0000000608800000|100%| O|  |TAMS 0x0000000608400000| PB 0x0000000608400000| Untracked 
|  34|0x0000000608800000, 0x0000000608c00000, 0x0000000608c00000|100%|HS|  |TAMS 0x0000000608800000| PB 0x0000000608800000| Complete 
|  35|0x0000000608c00000, 0x0000000609000000, 0x0000000609000000|100%|HC|  |TAMS 0x0000000608c00000| PB 0x0000000608c00000| Complete 
|  36|0x0000000609000000, 0x0000000609400000, 0x0000000609400000|100%| O|  |TAMS 0x0000000609000000| PB 0x0000000609000000| Untracked 
|  37|0x0000000609400000, 0x0000000609800000, 0x0000000609800000|100%| O|  |TAMS 0x0000000609400000| PB 0x0000000609400000| Untracked 
|  38|0x0000000609800000, 0x0000000609c00000, 0x0000000609c00000|100%| O|  |TAMS 0x0000000609800000| PB 0x0000000609800000| Untracked 
|  39|0x0000000609c00000, 0x000000060a000000, 0x000000060a000000|100%| O|  |TAMS 0x0000000609c00000| PB 0x0000000609c00000| Untracked 
|  40|0x000000060a000000, 0x000000060a400000, 0x000000060a400000|100%| O|  |TAMS 0x000000060a000000| PB 0x000000060a000000| Untracked 
|  41|0x000000060a400000, 0x000000060a70ff30, 0x000000060a800000| 76%| O|  |TAMS 0x000000060a400000| PB 0x000000060a400000| Untracked 
|  42|0x000000060a800000, 0x000000060a800000, 0x000000060ac00000|  0%| F|  |TAMS 0x000000060a800000| PB 0x000000060a800000| Untracked 
|  43|0x000000060ac00000, 0x000000060ac00000, 0x000000060b000000|  0%| F|  |TAMS 0x000000060ac00000| PB 0x000000060ac00000| Untracked 
|  44|0x000000060b000000, 0x000000060b0d3218, 0x000000060b400000| 20%| S|CS|TAMS 0x000000060b000000| PB 0x000000060b000000| Complete 
|  45|0x000000060b400000, 0x000000060b800000, 0x000000060b800000|100%| S|CS|TAMS 0x000000060b400000| PB 0x000000060b400000| Complete 
|  46|0x000000060b800000, 0x000000060bc00000, 0x000000060bc00000|100%| S|CS|TAMS 0x000000060b800000| PB 0x000000060b800000| Complete 
|  47|0x000000060bc00000, 0x000000060c000000, 0x000000060c000000|100%| S|CS|TAMS 0x000000060bc00000| PB 0x000000060bc00000| Complete 
|  48|0x000000060c000000, 0x000000060c000000, 0x000000060c400000|  0%| F|  |TAMS 0x000000060c000000| PB 0x000000060c000000| Untracked 
|  49|0x000000060c400000, 0x000000060c400000, 0x000000060c800000|  0%| F|  |TAMS 0x000000060c400000| PB 0x000000060c400000| Untracked 
|  50|0x000000060c800000, 0x000000060c800000, 0x000000060cc00000|  0%| F|  |TAMS 0x000000060c800000| PB 0x000000060c800000| Untracked 
|  51|0x000000060cc00000, 0x000000060cc00000, 0x000000060d000000|  0%| F|  |TAMS 0x000000060cc00000| PB 0x000000060cc00000| Untracked 
|  52|0x000000060d000000, 0x000000060d000000, 0x000000060d400000|  0%| F|  |TAMS 0x000000060d000000| PB 0x000000060d000000| Untracked 
|  53|0x000000060d400000, 0x000000060d400000, 0x000000060d800000|  0%| F|  |TAMS 0x000000060d400000| PB 0x000000060d400000| Untracked 
|  54|0x000000060d800000, 0x000000060d800000, 0x000000060dc00000|  0%| F|  |TAMS 0x000000060d800000| PB 0x000000060d800000| Untracked 
|  55|0x000000060dc00000, 0x000000060dc00000, 0x000000060e000000|  0%| F|  |TAMS 0x000000060dc00000| PB 0x000000060dc00000| Untracked 
|  56|0x000000060e000000, 0x000000060e000000, 0x000000060e400000|  0%| F|  |TAMS 0x000000060e000000| PB 0x000000060e000000| Untracked 
|  57|0x000000060e400000, 0x000000060e400000, 0x000000060e800000|  0%| F|  |TAMS 0x000000060e400000| PB 0x000000060e400000| Untracked 
|  58|0x000000060e800000, 0x000000060e800000, 0x000000060ec00000|  0%| F|  |TAMS 0x000000060e800000| PB 0x000000060e800000| Untracked 
|  59|0x000000060ec00000, 0x000000060ec00000, 0x000000060f000000|  0%| F|  |TAMS 0x000000060ec00000| PB 0x000000060ec00000| Untracked 
|  60|0x000000060f000000, 0x000000060f000000, 0x000000060f400000|  0%| F|  |TAMS 0x000000060f000000| PB 0x000000060f000000| Untracked 
|  61|0x000000060f400000, 0x000000060f400000, 0x000000060f800000|  0%| F|  |TAMS 0x000000060f400000| PB 0x000000060f400000| Untracked 
|  62|0x000000060f800000, 0x000000060f800000, 0x000000060fc00000|  0%| F|  |TAMS 0x000000060f800000| PB 0x000000060f800000| Untracked 
|  63|0x000000060fc00000, 0x000000060fc00000, 0x0000000610000000|  0%| F|  |TAMS 0x000000060fc00000| PB 0x000000060fc00000| Untracked 
|  64|0x0000000610000000, 0x0000000610000000, 0x0000000610400000|  0%| F|  |TAMS 0x0000000610000000| PB 0x0000000610000000| Untracked 
|  65|0x0000000610400000, 0x0000000610400000, 0x0000000610800000|  0%| F|  |TAMS 0x0000000610400000| PB 0x0000000610400000| Untracked 
|  66|0x0000000610800000, 0x0000000610800000, 0x0000000610c00000|  0%| F|  |TAMS 0x0000000610800000| PB 0x0000000610800000| Untracked 
|  67|0x0000000610c00000, 0x0000000610c00000, 0x0000000611000000|  0%| F|  |TAMS 0x0000000610c00000| PB 0x0000000610c00000| Untracked 
|  68|0x0000000611000000, 0x0000000611000000, 0x0000000611400000|  0%| F|  |TAMS 0x0000000611000000| PB 0x0000000611000000| Untracked 
|  69|0x0000000611400000, 0x0000000611400000, 0x0000000611800000|  0%| F|  |TAMS 0x0000000611400000| PB 0x0000000611400000| Untracked 
|  70|0x0000000611800000, 0x0000000611800000, 0x0000000611c00000|  0%| F|  |TAMS 0x0000000611800000| PB 0x0000000611800000| Untracked 
|  71|0x0000000611c00000, 0x0000000611fa7590, 0x0000000612000000| 91%| E|  |TAMS 0x0000000611c00000| PB 0x0000000611c00000| Complete 
|  72|0x0000000612000000, 0x0000000612400000, 0x0000000612400000|100%| E|CS|TAMS 0x0000000612000000| PB 0x0000000612000000| Complete 
|  73|0x0000000612400000, 0x0000000612800000, 0x0000000612800000|100%| E|CS|TAMS 0x0000000612400000| PB 0x0000000612400000| Complete 
|  74|0x0000000612800000, 0x0000000612c00000, 0x0000000612c00000|100%| E|CS|TAMS 0x0000000612800000| PB 0x0000000612800000| Complete 
|2046|0x00000007ff800000, 0x00000007ffc00000, 0x00000007ffc00000|100%| O|  |TAMS 0x00000007ff800000| PB 0x00000007ff800000| Untracked 
|2047|0x00000007ffc00000, 0x0000000800000000, 0x0000000800000000|100%| O|  |TAMS 0x00000007ffc00000| PB 0x00000007ffc00000| Untracked 

Card table byte_map: [0x0000025db6410000,0x0000025db7410000] _byte_map_base: 0x0000025db3410000

Marking Bits: (CMBitMap*) 0x0000025d8ade9760
 Bits: [0x0000025db7410000, 0x0000025dbf410000)

Polling page: 0x0000025d8aae0000

Metaspace:

Usage:
  Non-class:    126.37 MB used.
      Class:     19.29 MB used.
       Both:    145.66 MB used.

Virtual space:
  Non-class space:      192.00 MB reserved,     127.81 MB ( 67%) committed,  3 nodes.
      Class space:        1.00 GB reserved,      20.69 MB (  2%) committed,  1 nodes.
             Both:        1.19 GB reserved,     148.50 MB ( 12%) committed. 

Chunk freelists:
   Non-Class:  15.48 MB
       Class:  11.34 MB
        Both:  26.83 MB

MaxMetaspaceSize: 4.00 GB
CompressedClassSpaceSize: 1.00 GB
Initial GC threshold: 21.00 MB
Current GC threshold: 216.56 MB
CDS: on
 - commit_granule_bytes: 65536.
 - commit_granule_words: 8192.
 - virtual_space_node_default_size: 8388608.
 - enlarge_chunks_in_place: 1.
 - use_allocation_guard: 0.


Internal statistics:

num_allocs_failed_limit: 9.
num_arena_births: 5136.
num_arena_deaths: 0.
num_vsnodes_births: 4.
num_vsnodes_deaths: 0.
num_space_committed: 2375.
num_space_uncommitted: 0.
num_chunks_returned_to_freelist: 9.
num_chunks_taken_from_freelist: 11731.
num_chunk_merges: 6.
num_chunk_splits: 8026.
num_chunks_enlarged: 5408.
num_inconsistent_stats: 0.

CodeHeap 'non-profiled nmethods': size=259264Kb used=8948Kb max_used=8948Kb free=250315Kb
 bounds [0x0000025da4a60000, 0x0000025da5320000, 0x0000025db4790000]
CodeHeap 'profiled nmethods': size=259264Kb used=29855Kb max_used=29855Kb free=229408Kb
 bounds [0x0000025d94790000, 0x0000025d964c0000, 0x0000025da44c0000]
CodeHeap 'non-nmethods': size=5760Kb used=3136Kb max_used=3167Kb free=2623Kb
 bounds [0x0000025da44c0000, 0x0000025da47f0000, 0x0000025da4a60000]
 total_blobs=15609 nmethods=14446 adapters=1065
 compilation: enabled
              stopped_count=0, restarted_count=0
 full_count=0

Compilation events (20 events):
Event: 75.127 Thread 0x0000025dc1658430 16937       1       org.jetbrains.kotlin.descriptors.impl.FunctionDescriptorImpl::isExternal (5 bytes)
Event: 75.127 Thread 0x0000025dc1658430 nmethod 16937 0x0000025da531b890 code [0x0000025da531ba20, 0x0000025da531baf0]
Event: 75.127 Thread 0x0000025dc1658430 16938       1       org.jetbrains.kotlin.descriptors.impl.FunctionDescriptorImpl::isTailrec (5 bytes)
Event: 75.127 Thread 0x0000025dc1658430 nmethod 16938 0x0000025da531bb90 code [0x0000025da531bd20, 0x0000025da531bdf0]
Event: 75.127 Thread 0x0000025dc1658430 16943       1       org.jetbrains.kotlin.ir.expressions.impl.IrDelegatingConstructorCallImpl::getSymbol (5 bytes)
Event: 75.127 Thread 0x0000025dc1658430 nmethod 16943 0x0000025da531be90 code [0x0000025da531c020, 0x0000025da531c0f0]
Event: 75.127 Thread 0x0000025dc1658430 16944       3       org.jetbrains.kotlin.ir.expressions.IrMemberAccessExpression::getValueArgument (19 bytes)
Event: 75.127 Thread 0x0000025dc1658430 nmethod 16944 0x0000025d964a8090 code [0x0000025d964a8260, 0x0000025d964a8580]
Event: 75.127 Thread 0x0000025dc1658430 16945       3       org.jetbrains.kotlin.ir.util.DeclarationStubGenerator::generateFunctionStub$default (31 bytes)
Event: 75.127 Thread 0x0000025dc1658430 nmethod 16945 0x0000025d964a8710 code [0x0000025d964a88e0, 0x0000025d964a8b60]
Event: 75.129 Thread 0x0000025dc1658430 16946       3       org.jetbrains.kotlin.backend.common.ClassLoweringVisitor::visitFunction (6 bytes)
Event: 75.130 Thread 0x0000025dc1658430 nmethod 16946 0x0000025d964a8c90 code [0x0000025d964a8fa0, 0x0000025d964a9e60]
Event: 75.130 Thread 0x0000025dc1658430 16949       3       org.jetbrains.kotlin.utils.DFS::doDfs (110 bytes)
Event: 75.130 Thread 0x0000025dc1658430 nmethod 16949 0x0000025d964aa390 code [0x0000025d964aa620, 0x0000025d964ab0f8]
Event: 75.130 Thread 0x0000025dc1658430 16950       3       org.jetbrains.kotlin.utils.DFS$VisitedWithSet::checkAndMarkVisited (11 bytes)
Event: 75.130 Thread 0x0000025dc1658430 nmethod 16950 0x0000025d964ab490 code [0x0000025d964ab640, 0x0000025d964ab820]
Event: 75.130 Thread 0x0000025dc1658430 16948       3       org.jetbrains.kotlin.backend.common.ClassLoweringVisitor::visitTypeOperator (13 bytes)
Event: 75.131 Thread 0x0000025dc1658430 nmethod 16948 0x0000025d964ab910 code [0x0000025d964abc20, 0x0000025d964acae8]
Event: 75.131 Thread 0x0000025dc1658430 16947       3       org.jetbrains.kotlin.ir.expressions.impl.IrSetFieldImpl::getValue (17 bytes)
Event: 75.131 Thread 0x0000025dc1658430 nmethod 16947 0x0000025d964ad010 code [0x0000025d964ad2c0, 0x0000025d964adcc8]

GC Heap History (20 events):
Event: 55.109 GC heap before
{Heap before GC invocations=41 (full 0):
 garbage-first heap   total 221184K, used 195302K [0x0000000600000000, 0x0000000800000000)
  region size 4096K, 20 young (81920K), 1 survivors (4096K)
 Metaspace       used 92713K, committed 95040K, reserved 1179648K
  class space    used 12954K, committed 14080K, reserved 1048576K
}
Event: 55.116 GC heap after
{Heap after GC invocations=42 (full 0):
 garbage-first heap   total 221184K, used 115689K [0x0000000600000000, 0x0000000800000000)
  region size 4096K, 2 young (8192K), 2 survivors (8192K)
 Metaspace       used 92713K, committed 95040K, reserved 1179648K
  class space    used 12954K, committed 14080K, reserved 1048576K
}
Event: 56.623 GC heap before
{Heap before GC invocations=42 (full 0):
 garbage-first heap   total 221184K, used 193513K [0x0000000600000000, 0x0000000800000000)
  region size 4096K, 21 young (86016K), 2 survivors (8192K)
 Metaspace       used 97873K, committed 100288K, reserved 1179648K
  class space    used 13596K, committed 14784K, reserved 1048576K
}
Event: 56.631 GC heap after
{Heap after GC invocations=43 (full 0):
 garbage-first heap   total 221184K, used 122500K [0x0000000600000000, 0x0000000800000000)
  region size 4096K, 3 young (12288K), 3 survivors (12288K)
 Metaspace       used 97873K, committed 100288K, reserved 1179648K
  class space    used 13596K, committed 14784K, reserved 1048576K
}
Event: 59.447 GC heap before
{Heap before GC invocations=44 (full 0):
 garbage-first heap   total 221184K, used 200324K [0x0000000600000000, 0x0000000800000000)
  region size 4096K, 20 young (81920K), 3 survivors (12288K)
 Metaspace       used 107823K, committed 110272K, reserved 1179648K
  class space    used 15316K, committed 16512K, reserved 1048576K
}
Event: 59.456 GC heap after
{Heap after GC invocations=45 (full 0):
 garbage-first heap   total 221184K, used 124309K [0x0000000600000000, 0x0000000800000000)
  region size 4096K, 1 young (4096K), 1 survivors (4096K)
 Metaspace       used 107823K, committed 110272K, reserved 1179648K
  class space    used 15316K, committed 16512K, reserved 1048576K
}
Event: 60.204 GC heap before
{Heap before GC invocations=45 (full 0):
 garbage-first heap   total 221184K, used 206229K [0x0000000600000000, 0x0000000800000000)
  region size 4096K, 19 young (77824K), 1 survivors (4096K)
 Metaspace       used 108460K, committed 110976K, reserved 1179648K
  class space    used 15366K, committed 16576K, reserved 1048576K
}
Event: 60.232 GC heap after
{Heap after GC invocations=46 (full 0):
 garbage-first heap   total 237568K, used 141738K [0x0000000600000000, 0x0000000800000000)
  region size 4096K, 3 young (12288K), 3 survivors (12288K)
 Metaspace       used 108460K, committed 110976K, reserved 1179648K
  class space    used 15366K, committed 16576K, reserved 1048576K
}
Event: 61.424 GC heap before
{Heap before GC invocations=46 (full 0):
 garbage-first heap   total 237568K, used 190890K [0x0000000600000000, 0x0000000800000000)
  region size 4096K, 16 young (65536K), 3 survivors (12288K)
 Metaspace       used 112837K, committed 115328K, reserved 1179648K
  class space    used 15867K, committed 17088K, reserved 1048576K
}
Event: 61.437 GC heap after
{Heap after GC invocations=47 (full 0):
 garbage-first heap   total 237568K, used 149973K [0x0000000600000000, 0x0000000800000000)
  region size 4096K, 2 young (8192K), 2 survivors (8192K)
 Metaspace       used 112837K, committed 115328K, reserved 1179648K
  class space    used 15867K, committed 17088K, reserved 1048576K
}
Event: 63.079 GC heap before
{Heap before GC invocations=48 (full 0):
 garbage-first heap   total 282624K, used 215509K [0x0000000600000000, 0x0000000800000000)
  region size 4096K, 16 young (65536K), 2 survivors (8192K)
 Metaspace       used 118348K, committed 120896K, reserved 1179648K
  class space    used 16344K, committed 17600K, reserved 1048576K
}
Event: 63.088 GC heap after
{Heap after GC invocations=49 (full 0):
 garbage-first heap   total 282624K, used 164751K [0x0000000600000000, 0x0000000800000000)
  region size 4096K, 2 young (8192K), 2 survivors (8192K)
 Metaspace       used 118348K, committed 120896K, reserved 1179648K
  class space    used 16344K, committed 17600K, reserved 1048576K
}
Event: 68.878 GC heap before
{Heap before GC invocations=49 (full 0):
 garbage-first heap   total 282624K, used 242575K [0x0000000600000000, 0x0000000800000000)
  region size 4096K, 21 young (86016K), 2 survivors (8192K)
 Metaspace       used 127713K, committed 130560K, reserved 1179648K
  class space    used 17589K, committed 19008K, reserved 1048576K
}
Event: 68.892 GC heap after
{Heap after GC invocations=50 (full 0):
 garbage-first heap   total 282624K, used 167695K [0x0000000600000000, 0x0000000800000000)
  region size 4096K, 3 young (12288K), 3 survivors (12288K)
 Metaspace       used 127713K, committed 130560K, reserved 1179648K
  class space    used 17589K, committed 19008K, reserved 1048576K
}
Event: 70.719 GC heap before
{Heap before GC invocations=50 (full 0):
 garbage-first heap   total 282624K, used 245519K [0x0000000600000000, 0x0000000800000000)
  region size 4096K, 22 young (90112K), 3 survivors (12288K)
 Metaspace       used 130202K, committed 133056K, reserved 1179648K
  class space    used 17850K, committed 19264K, reserved 1048576K
}
Event: 70.730 GC heap after
{Heap after GC invocations=51 (full 0):
 garbage-first heap   total 282624K, used 173454K [0x0000000600000000, 0x0000000800000000)
  region size 4096K, 3 young (12288K), 3 survivors (12288K)
 Metaspace       used 130202K, committed 133056K, reserved 1179648K
  class space    used 17850K, committed 19264K, reserved 1048576K
}
Event: 72.069 GC heap before
{Heap before GC invocations=52 (full 0):
 garbage-first heap   total 315392K, used 247182K [0x0000000600000000, 0x0000000800000000)
  region size 4096K, 21 young (86016K), 3 survivors (12288K)
 Metaspace       used 133706K, committed 136576K, reserved 1179648K
  class space    used 18221K, committed 19648K, reserved 1048576K
}
Event: 72.083 GC heap after
{Heap after GC invocations=53 (full 0):
 garbage-first heap   total 315392K, used 179930K [0x0000000600000000, 0x0000000800000000)
  region size 4096K, 3 young (12288K), 3 survivors (12288K)
 Metaspace       used 133706K, committed 136576K, reserved 1179648K
  class space    used 18221K, committed 19648K, reserved 1048576K
}
Event: 74.776 GC heap before
{Heap before GC invocations=53 (full 0):
 garbage-first heap   total 315392K, used 278234K [0x0000000600000000, 0x0000000800000000)
  region size 4096K, 27 young (110592K), 3 survivors (12288K)
 Metaspace       used 146599K, committed 149568K, reserved 1179648K
  class space    used 19537K, committed 20992K, reserved 1048576K
}
Event: 74.798 GC heap after
{Heap after GC invocations=54 (full 0):
 garbage-first heap   total 315392K, used 184204K [0x0000000600000000, 0x0000000800000000)
  region size 4096K, 4 young (16384K), 4 survivors (16384K)
 Metaspace       used 146599K, committed 149568K, reserved 1179648K
  class space    used 19537K, committed 20992K, reserved 1048576K
}

Dll operation events (16 events):
Event: 0.055 Loaded shared library C:\Program Files\Java\jdk-21\bin\java.dll
Event: 0.238 Loaded shared library C:\Program Files\Java\jdk-21\bin\jsvml.dll
Event: 0.373 Loaded shared library C:\Program Files\Java\jdk-21\bin\zip.dll
Event: 0.383 Loaded shared library C:\Program Files\Java\jdk-21\bin\instrument.dll
Event: 0.395 Loaded shared library C:\Program Files\Java\jdk-21\bin\net.dll
Event: 0.402 Loaded shared library C:\Program Files\Java\jdk-21\bin\nio.dll
Event: 0.408 Loaded shared library C:\Program Files\Java\jdk-21\bin\zip.dll
Event: 1.540 Loaded shared library C:\Program Files\Java\jdk-21\bin\jimage.dll
Event: 2.340 Loaded shared library C:\Program Files\Java\jdk-21\bin\verify.dll
Event: 2.898 Loaded shared library C:\Users\bmth_\.gradle\native\1def1411415f61bf3af743bc5b6707747c0891f09f0c88961ee8f79bc544acac\windows-amd64\native-platform.dll
Event: 2.934 Loaded shared library C:\Users\bmth_\.gradle\native\0.2.5\x86_64-windows-gnu\gradle-fileevents.dll
Event: 7.330 Loaded shared library C:\Program Files\Java\jdk-21\bin\management.dll
Event: 7.343 Loaded shared library C:\Program Files\Java\jdk-21\bin\management_ext.dll
Event: 8.089 Loaded shared library C:\Program Files\Java\jdk-21\bin\extnet.dll
Event: 9.205 Loaded shared library C:\Program Files\Java\jdk-21\bin\sunmscapi.dll
Event: 11.721 Loaded shared library C:\Users\bmth_\AppData\Local\Temp\native-platform3380652134820384695dir\gradle-fileevents.dll

Deoptimization events (20 events):
Event: 73.635 Thread 0x0000025e08b00db0 Uncommon trap: trap_request=0xffffffc6 fr.pc=0x0000025da52ddb1c relative=0x00000000000000dc
Event: 73.635 Thread 0x0000025e08b00db0 Uncommon trap: reason=bimorphic_or_optimized_type_check action=maybe_recompile pc=0x0000025da52ddb1c method=org.jetbrains.kotlin.types.DelegatingSimpleType.getConstructor()Lorg/jetbrains/kotlin/types/TypeConstructor; @ 4 c2
Event: 73.635 Thread 0x0000025e08b00db0 DEOPT PACKING pc=0x0000025da52ddb1c sp=0x0000007c6acedc90
Event: 73.635 Thread 0x0000025e08b00db0 DEOPT UNPACKING pc=0x0000025da45146a2 sp=0x0000007c6acedc18 mode 2
Event: 74.749 Thread 0x0000025e08b00db0 Uncommon trap: trap_request=0xffffffde fr.pc=0x0000025da4afed1c relative=0x0000000000000c7c
Event: 74.749 Thread 0x0000025e08b00db0 Uncommon trap: reason=class_check action=maybe_recompile pc=0x0000025da4afed1c method=org.jetbrains.kotlin.serialization.deserialization.descriptors.DeserializedMemberScope$OptimizedImplementation.getContributedVariables(Lorg/jetbrains/kotlin/name/Name;Lo
Event: 74.749 Thread 0x0000025e08b00db0 DEOPT PACKING pc=0x0000025da4afed1c sp=0x0000007c6acf22c0
Event: 74.749 Thread 0x0000025e08b00db0 DEOPT UNPACKING pc=0x0000025da45146a2 sp=0x0000007c6acf22b0 mode 2
Event: 74.749 Thread 0x0000025e08b00db0 Uncommon trap: trap_request=0xffffffde fr.pc=0x0000025da4afed1c relative=0x0000000000000c7c
Event: 74.749 Thread 0x0000025e08b00db0 Uncommon trap: reason=class_check action=maybe_recompile pc=0x0000025da4afed1c method=org.jetbrains.kotlin.serialization.deserialization.descriptors.DeserializedMemberScope$OptimizedImplementation.getContributedVariables(Lorg/jetbrains/kotlin/name/Name;Lo
Event: 74.749 Thread 0x0000025e08b00db0 DEOPT PACKING pc=0x0000025da4afed1c sp=0x0000007c6acf22c0
Event: 74.749 Thread 0x0000025e08b00db0 DEOPT UNPACKING pc=0x0000025da45146a2 sp=0x0000007c6acf22b0 mode 2
Event: 74.749 Thread 0x0000025e08b00db0 Uncommon trap: trap_request=0xffffffde fr.pc=0x0000025da4afed1c relative=0x0000000000000c7c
Event: 74.749 Thread 0x0000025e08b00db0 Uncommon trap: reason=class_check action=maybe_recompile pc=0x0000025da4afed1c method=org.jetbrains.kotlin.serialization.deserialization.descriptors.DeserializedMemberScope$OptimizedImplementation.getContributedVariables(Lorg/jetbrains/kotlin/name/Name;Lo
Event: 74.749 Thread 0x0000025e08b00db0 DEOPT PACKING pc=0x0000025da4afed1c sp=0x0000007c6acf22c0
Event: 74.750 Thread 0x0000025e08b00db0 DEOPT UNPACKING pc=0x0000025da45146a2 sp=0x0000007c6acf22b0 mode 2
Event: 74.750 Thread 0x0000025e08b00db0 Uncommon trap: trap_request=0xffffffde fr.pc=0x0000025da4afed1c relative=0x0000000000000c7c
Event: 74.750 Thread 0x0000025e08b00db0 Uncommon trap: reason=class_check action=maybe_recompile pc=0x0000025da4afed1c method=org.jetbrains.kotlin.serialization.deserialization.descriptors.DeserializedMemberScope$OptimizedImplementation.getContributedVariables(Lorg/jetbrains/kotlin/name/Name;Lo
Event: 74.750 Thread 0x0000025e08b00db0 DEOPT PACKING pc=0x0000025da4afed1c sp=0x0000007c6acf22c0
Event: 74.750 Thread 0x0000025e08b00db0 DEOPT UNPACKING pc=0x0000025da45146a2 sp=0x0000007c6acf22b0 mode 2

Classes loaded (20 events):
Event: 59.488 Loading class java/io/UTFDataFormatException
Event: 59.489 Loading class java/io/UTFDataFormatException done
Event: 59.542 Loading class java/util/zip/ZipFile$ZipEntryIterator
Event: 59.543 Loading class java/util/zip/ZipFile$ZipEntryIterator done
Event: 60.345 Loading class java/nio/channels/Channels$ReadableByteChannelImpl
Event: 60.346 Loading class java/nio/channels/Channels$ReadableByteChannelImpl done
Event: 60.349 Loading class java/nio/channels/NonWritableChannelException
Event: 60.350 Loading class java/nio/channels/NonWritableChannelException done
Event: 67.276 Loading class java/text/StringCharacterIterator
Event: 67.277 Loading class java/text/CharacterIterator
Event: 67.277 Loading class java/text/CharacterIterator done
Event: 67.277 Loading class java/text/StringCharacterIterator done
Event: 68.691 Loading class java/util/EnumMap$EntrySet
Event: 68.693 Loading class java/util/EnumMap$EntrySet done
Event: 68.694 Loading class java/util/EnumMap$EntryIterator
Event: 68.695 Loading class java/util/EnumMap$EnumMapIterator
Event: 68.695 Loading class java/util/EnumMap$EnumMapIterator done
Event: 68.695 Loading class java/util/EnumMap$EntryIterator done
Event: 68.695 Loading class java/util/EnumMap$EntryIterator$Entry
Event: 68.696 Loading class java/util/EnumMap$EntryIterator$Entry done

Classes unloaded (0 events):
No events

Classes redefined (0 events):
No events

Internal exceptions (20 events):
Event: 71.216 Thread 0x0000025e08b00db0 Exception <a 'java/lang/NoSuchMethodError'{0x0000000610e6e070}: 'java.lang.Object java.lang.invoke.DirectMethodHandle$Holder.invokeSpecial(java.lang.Object, java.lang.Object, int, java.lang.Object, java.lang.Object, java.lang.Object, java.lang.Object, java.lang.Object)'> (0x0000000610e6e070) 
thrown [s\open\src\hotspot\share\interpreter\linkResolver.cpp, line 773]
Event: 71.284 Thread 0x0000025e08b00db0 Exception <a 'java/lang/NoSuchMethodError'{0x000000060fd2a4e0}: 'java.lang.Object java.lang.invoke.DirectMethodHandle$Holder.invokeStatic(java.lang.Object, int, java.lang.Object)'> (0x000000060fd2a4e0) 
thrown [s\open\src\hotspot\share\interpreter\linkResolver.cpp, line 773]
Event: 71.355 Thread 0x0000025e08b00db0 Exception <a 'java/lang/IncompatibleClassChangeError'{0x000000060f8c9a08}: Found class java.lang.Object, but interface was expected> (0x000000060f8c9a08) 
thrown [s\open\src\hotspot\share\interpreter\linkResolver.cpp, line 840]
Event: 71.378 Thread 0x0000025e08b00db0 Exception <a 'java/lang/NoSuchMethodError'{0x000000060f962738}: 'int java.lang.invoke.DirectMethodHandle$Holder.invokeStaticInit(java.lang.Object, int)'> (0x000000060f962738) 
thrown [s\open\src\hotspot\share\interpreter\linkResolver.cpp, line 773]
Event: 71.798 Thread 0x0000025e08b00db0 Exception <a 'java/lang/NoSuchMethodError'{0x000000060ed9b7c0}: 'int java.lang.invoke.DirectMethodHandle$Holder.invokeSpecial(java.lang.Object, java.lang.Object, int, int)'> (0x000000060ed9b7c0) 
thrown [s\open\src\hotspot\share\interpreter\linkResolver.cpp, line 773]
Event: 72.592 Thread 0x0000025e08b00db0 Exception <a 'java/lang/NoSuchMethodError'{0x000000061218d2c0}: 'java.lang.Object java.lang.invoke.DirectMethodHandle$Holder.newInvokeSpecial(java.lang.Object, java.lang.Object, java.lang.Object, java.lang.Object, java.lang.Object, java.lang.Object, java.lang.Object, int)'> (0x000000061218d2c0) 
thrown [s\open\src\hotspot\share\interpreter\linkResolver.cpp, line 773]
Event: 72.592 Thread 0x0000025e08b00db0 Exception <a 'java/lang/NoSuchMethodError'{0x0000000612193248}: 'java.lang.Object java.lang.invoke.DirectMethodHandle$Holder.invokeSpecial(java.lang.Object, java.lang.Object, java.lang.Object, java.lang.Object, java.lang.Object, java.lang.Object, java.lang.Object, java.lang.Object, int)'> (0x0000000612193248) 
thrown [s\open\src\hotspot\share\interpreter\linkResolver.cpp, line 773]
Event: 72.592 Thread 0x0000025e08b00db0 Exception <a 'java/lang/NoSuchMethodError'{0x0000000612198c88}: 'java.lang.Object java.lang.invoke.Invokers$Holder.linkToTargetMethod(java.lang.Object, java.lang.Object, java.lang.Object, java.lang.Object, java.lang.Object, java.lang.Object, int, java.lang.Object)'> (0x0000000612198c88) 
thrown [s\open\src\hotspot\share\interpreter\linkResolver.cpp, line 773]
Event: 73.371 Thread 0x0000025e08b00db0 Exception <a 'java/lang/NoSuchMethodError'{0x0000000610b96a00}: 'java.lang.Object java.lang.invoke.DirectMethodHandle$Holder.invokeStatic(java.lang.Object, java.lang.Object, int, int, java.lang.Object, java.lang.Object)'> (0x0000000610b96a00) 
thrown [s\open\src\hotspot\share\interpreter\linkResolver.cpp, line 773]
Event: 73.373 Thread 0x0000025e08b00db0 Exception <a 'java/lang/NoSuchMethodError'{0x0000000610ba61f8}: 'java.lang.Object java.lang.invoke.Invokers$Holder.linkToTargetMethod(java.lang.Object, int, int, java.lang.Object, java.lang.Object)'> (0x0000000610ba61f8) 
thrown [s\open\src\hotspot\share\interpreter\linkResolver.cpp, line 773]
Event: 73.449 Thread 0x0000025e08b00db0 Exception <a 'java/lang/NoSuchMethodError'{0x0000000610656ad0}: 'java.lang.Object java.lang.invoke.DirectMethodHandle$Holder.invokeStatic(java.lang.Object, java.lang.Object, java.lang.Object, int, int, java.lang.Object, java.lang.Object)'> (0x0000000610656ad0) 
thrown [s\open\src\hotspot\share\interpreter\linkResolver.cpp, line 773]
Event: 73.451 Thread 0x0000025e08b00db0 Exception <a 'java/lang/NoSuchMethodError'{0x00000006106607d0}: 'java.lang.Object java.lang.invoke.DirectMethodHandle$Holder.newInvokeSpecial(java.lang.Object, java.lang.Object, java.lang.Object, int, int, java.lang.Object)'> (0x00000006106607d0) 
thrown [s\open\src\hotspot\share\interpreter\linkResolver.cpp, line 773]
Event: 73.452 Thread 0x0000025e08b00db0 Exception <a 'java/lang/NoSuchMethodError'{0x0000000610669970}: 'java.lang.Object java.lang.invoke.Invokers$Holder.linkToTargetMethod(java.lang.Object, java.lang.Object, int, int, java.lang.Object, java.lang.Object)'> (0x0000000610669970) 
thrown [s\open\src\hotspot\share\interpreter\linkResolver.cpp, line 773]
Event: 73.455 Thread 0x0000025e08b00db0 Exception <a 'java/lang/NoSuchMethodError'{0x0000000610676e78}: 'java.lang.Object java.lang.invoke.DirectMethodHandle$Holder.invokeStatic(java.lang.Object, java.lang.Object, int, int, java.lang.Object)'> (0x0000000610676e78) 
thrown [s\open\src\hotspot\share\interpreter\linkResolver.cpp, line 773]
Event: 73.544 Thread 0x0000025e08b00db0 Exception <a 'java/lang/NoSuchMethodError'{0x000000061012dcf8}: 'java.lang.Object java.lang.invoke.DirectMethodHandle$Holder.newInvokeSpecial(java.lang.Object, java.lang.Object, java.lang.Object, int, int, java.lang.Object, java.lang.Object)'> (0x000000061012dcf8) 
thrown [s\open\src\hotspot\share\interpreter\linkResolver.cpp, line 773]
Event: 73.545 Thread 0x0000025e08b00db0 Exception <a 'java/lang/NoSuchMethodError'{0x00000006101370e0}: 'java.lang.Object java.lang.invoke.Invokers$Holder.linkToTargetMethod(java.lang.Object, java.lang.Object, int, int, java.lang.Object, java.lang.Object, java.lang.Object)'> (0x00000006101370e0) 
thrown [s\open\src\hotspot\share\interpreter\linkResolver.cpp, line 773]
Event: 74.049 Thread 0x0000025e08b00db0 Exception <a 'java/lang/NoSuchMethodError'{0x000000060f0c5bf8}: 'java.lang.Object java.lang.invoke.DirectMethodHandle$Holder.invokeStatic(java.lang.Object, int, java.lang.Object, java.lang.Object, java.lang.Object)'> (0x000000060f0c5bf8) 
thrown [s\open\src\hotspot\share\interpreter\linkResolver.cpp, line 773]
Event: 74.050 Thread 0x0000025e08b00db0 Exception <a 'java/lang/NoSuchMethodError'{0x000000060f0caf38}: 'java.lang.Object java.lang.invoke.DirectMethodHandle$Holder.invokeStaticInit(java.lang.Object, int, java.lang.Object, java.lang.Object, java.lang.Object)'> (0x000000060f0caf38) 
thrown [s\open\src\hotspot\share\interpreter\linkResolver.cpp, line 773]
Event: 74.408 Thread 0x0000025e08b00db0 Exception <a 'java/lang/NoSuchMethodError'{0x000000060d27e618}: 'java.lang.Object java.lang.invoke.DirectMethodHandle$Holder.invokeSpecial(java.lang.Object, java.lang.Object, int, java.lang.Object, int)'> (0x000000060d27e618) 
thrown [s\open\src\hotspot\share\interpreter\linkResolver.cpp, line 773]
Event: 74.703 Thread 0x0000025e08b00db0 Exception <a 'java/lang/NoSuchMethodError'{0x000000060c19a220}: 'java.lang.Object java.lang.invoke.DirectMethodHandle$Holder.invokeStatic(java.lang.Object, java.lang.Object, int, java.lang.Object, java.lang.Object)'> (0x000000060c19a220) 
thrown [s\open\src\hotspot\share\interpreter\linkResolver.cpp, line 773]

ZGC Phase Switch (0 events):
No events

VM Operations (20 events):
Event: 73.794 Executing VM operation: HandshakeAllThreads (Deoptimize)
Event: 73.795 Executing VM operation: HandshakeAllThreads (Deoptimize) done
Event: 74.367 Executing VM operation: HandshakeAllThreads (Deoptimize)
Event: 74.367 Executing VM operation: HandshakeAllThreads (Deoptimize) done
Event: 74.367 Executing VM operation: Cleanup
Event: 74.367 Executing VM operation: Cleanup done
Event: 74.445 Executing VM operation: HandshakeAllThreads (Deoptimize)
Event: 74.445 Executing VM operation: HandshakeAllThreads (Deoptimize) done
Event: 74.448 Executing VM operation: HandshakeAllThreads (Deoptimize)
Event: 74.448 Executing VM operation: HandshakeAllThreads (Deoptimize) done
Event: 74.757 Executing VM operation: HandshakeAllThreads (Deoptimize)
Event: 74.757 Executing VM operation: HandshakeAllThreads (Deoptimize) done
Event: 74.776 Executing VM operation: G1CollectForAllocation (G1 Evacuation Pause)
Event: 74.798 Executing VM operation: G1CollectForAllocation (G1 Evacuation Pause) done
Event: 74.862 Executing VM operation: HandshakeAllThreads (Deoptimize)
Event: 74.862 Executing VM operation: HandshakeAllThreads (Deoptimize) done
Event: 75.020 Executing VM operation: ICBufferFull
Event: 75.020 Executing VM operation: ICBufferFull done
Event: 76.026 Executing VM operation: Cleanup
Event: 76.026 Executing VM operation: Cleanup done

Events (20 events):
Event: 70.847 Thread 0x0000025dc16218a0 flushing nmethod 0x0000025da4b74590
Event: 70.847 Thread 0x0000025dc16218a0 flushing nmethod 0x0000025da4b73290
Event: 70.847 Thread 0x0000025dc16218a0 flushing nmethod 0x0000025da4b72290
Event: 70.847 Thread 0x0000025dc16218a0 flushing nmethod 0x0000025da4b77190
Event: 70.847 Thread 0x0000025dc16218a0 flushing nmethod 0x0000025da4b14490
Event: 70.847 Thread 0x0000025dc16218a0 flushing nmethod 0x0000025da4ad3e10
Event: 70.847 Thread 0x0000025dc16218a0 flushing nmethod 0x0000025da4b33390
Event: 70.847 Thread 0x0000025dc16218a0 flushing nmethod 0x0000025da4b24990
Event: 70.847 Thread 0x0000025dc16218a0 flushing nmethod 0x0000025da4b23d10
Event: 70.847 Thread 0x0000025dc16218a0 flushing nmethod 0x0000025da4acc010
Event: 70.847 Thread 0x0000025dc16218a0 flushing nmethod 0x0000025da4ab2e90
Event: 70.847 Thread 0x0000025dc16218a0 flushing nmethod 0x0000025da4ab1590
Event: 70.847 Thread 0x0000025dc16218a0 flushing nmethod 0x0000025da4ab0f10
Event: 70.847 Thread 0x0000025dc16218a0 flushing nmethod 0x0000025da4ab0290
Event: 70.847 Thread 0x0000025dc16218a0 flushing nmethod 0x0000025da4aaf810
Event: 71.616 Thread 0x0000025e0d45d780 Thread added: 0x0000025e0d45d780
Event: 72.758 Thread 0x0000025e0d45d780 Thread exited: 0x0000025e0d45d780
Event: 72.758 Thread 0x0000025e0d460060 Thread exited: 0x0000025e0d460060
Event: 73.088 Thread 0x0000025e0f5e0c70 Thread added: 0x0000025e0f5e0c70
Event: 73.850 Thread 0x0000025e0f5e0c70 Thread exited: 0x0000025e0f5e0c70


Dynamic libraries:
0x00007ff74c920000 - 0x00007ff74c930000 	C:\Program Files\Java\jdk-21\bin\java.exe
0x00007ffbd0600000 - 0x00007ffbd0868000 	C:\WINDOWS\SYSTEM32\ntdll.dll
0x00007ffbcf580000 - 0x00007ffbcf649000 	C:\WINDOWS\System32\KERNEL32.DLL
0x00007ffbcda10000 - 0x00007ffbcde08000 	C:\WINDOWS\System32\KERNELBASE.dll
0x00007ffbcd800000 - 0x00007ffbcd94b000 	C:\WINDOWS\System32\ucrtbase.dll
0x00007ffb70d50000 - 0x00007ffb70d69000 	C:\Program Files\Java\jdk-21\bin\jli.dll
0x00007ffb62b40000 - 0x00007ffb62b5b000 	C:\Program Files\Java\jdk-21\bin\VCRUNTIME140.dll
0x00007ffbcf890000 - 0x00007ffbcf944000 	C:\WINDOWS\System32\ADVAPI32.dll
0x00007ffbcfa10000 - 0x00007ffbcfab9000 	C:\WINDOWS\System32\msvcrt.dll
0x00007ffbceee0000 - 0x00007ffbcef86000 	C:\WINDOWS\System32\sechost.dll
0x00007ffbcefd0000 - 0x00007ffbcf0e8000 	C:\WINDOWS\System32\RPCRT4.dll
0x00007ffbce7c0000 - 0x00007ffbce987000 	C:\WINDOWS\System32\USER32.dll
0x00007ffbcd950000 - 0x00007ffbcd977000 	C:\WINDOWS\System32\win32u.dll
0x00007ffbce3a0000 - 0x00007ffbce3cb000 	C:\WINDOWS\System32\GDI32.dll
0x00007ffbcde10000 - 0x00007ffbcdf3c000 	C:\WINDOWS\System32\gdi32full.dll
0x00007ffbce2f0000 - 0x00007ffbce393000 	C:\WINDOWS\System32\msvcp_win.dll
0x00007ffbbaa50000 - 0x00007ffbbace4000 	C:\WINDOWS\WinSxS\amd64_microsoft.windows.common-controls_6595b64144ccf1df_6.0.26100.7019_none_3e06ffa0e335b8a8\COMCTL32.dll
0x00007ffbc5420000 - 0x00007ffbc542b000 	C:\WINDOWS\SYSTEM32\VERSION.dll
0x00007ffbcee10000 - 0x00007ffbcee41000 	C:\WINDOWS\System32\IMM32.DLL
0x00007ffb9a6d0000 - 0x00007ffb9a6dc000 	C:\Program Files\Java\jdk-21\bin\vcruntime140_1.dll
0x00007ffb03180000 - 0x00007ffb0320e000 	C:\Program Files\Java\jdk-21\bin\msvcp140.dll
0x00007ffafd9e0000 - 0x00007ffafe6ed000 	C:\Program Files\Java\jdk-21\bin\server\jvm.dll
0x00007ffbce550000 - 0x00007ffbce5c4000 	C:\WINDOWS\System32\WS2_32.dll
0x00007ffbcb020000 - 0x00007ffbcb055000 	C:\WINDOWS\SYSTEM32\WINMM.dll
0x00007ffbcd5d0000 - 0x00007ffbcd62e000 	C:\WINDOWS\SYSTEM32\POWRPROF.dll
0x00007ffbcd590000 - 0x00007ffbcd5a4000 	C:\WINDOWS\SYSTEM32\UMPDC.dll
0x00007ffbcc510000 - 0x00007ffbcc52b000 	C:\WINDOWS\SYSTEM32\kernel.appcore.dll
0x00007ffb97e90000 - 0x00007ffb97e9a000 	C:\Program Files\Java\jdk-21\bin\jimage.dll
0x00007ffbcad60000 - 0x00007ffbcafa2000 	C:\WINDOWS\SYSTEM32\DBGHELP.DLL
0x00007ffbce990000 - 0x00007ffbced1b000 	C:\WINDOWS\System32\combase.dll
0x00007ffbced20000 - 0x00007ffbcedf7000 	C:\WINDOWS\System32\OLEAUT32.dll
0x00007ffbcafe0000 - 0x00007ffbcb01c000 	C:\WINDOWS\SYSTEM32\dbgcore.DLL
0x00007ffbcd750000 - 0x00007ffbcd7f5000 	C:\WINDOWS\System32\bcryptPrimitives.dll
0x00007ffb91c20000 - 0x00007ffb91c2f000 	C:\Program Files\Java\jdk-21\bin\instrument.dll
0x00007ffb253a0000 - 0x00007ffb253bf000 	C:\Program Files\Java\jdk-21\bin\java.dll
0x00007ffbcfe30000 - 0x00007ffbd057f000 	C:\WINDOWS\System32\SHELL32.dll
0x00007ffbcdf40000 - 0x00007ffbce0ab000 	C:\WINDOWS\System32\wintypes.dll
0x00007ffbcb360000 - 0x00007ffbcbbbd000 	C:\WINDOWS\SYSTEM32\windows.storage.dll
0x00007ffbce450000 - 0x00007ffbce542000 	C:\WINDOWS\System32\SHCORE.dll
0x00007ffbcf7c0000 - 0x00007ffbcf827000 	C:\WINDOWS\System32\shlwapi.dll
0x00007ffbcd670000 - 0x00007ffbcd699000 	C:\WINDOWS\SYSTEM32\profapi.dll
0x00007ffb02c80000 - 0x00007ffb02d57000 	C:\Program Files\Java\jdk-21\bin\jsvml.dll
0x00007ffb03d80000 - 0x00007ffb03d98000 	C:\Program Files\Java\jdk-21\bin\zip.dll
0x00007ffb97b10000 - 0x00007ffb97b20000 	C:\Program Files\Java\jdk-21\bin\net.dll
0x00007ffbc5810000 - 0x00007ffbc5938000 	C:\WINDOWS\SYSTEM32\WINHTTP.dll
0x00007ffbcca80000 - 0x00007ffbccaeb000 	C:\WINDOWS\system32\mswsock.dll
0x00007ffb23990000 - 0x00007ffb239a6000 	C:\Program Files\Java\jdk-21\bin\nio.dll
0x00007ffb975f0000 - 0x00007ffb97600000 	C:\Program Files\Java\jdk-21\bin\verify.dll
0x00007ffb62bf0000 - 0x00007ffb62c17000 	C:\Users\bmth_\.gradle\native\1def1411415f61bf3af743bc5b6707747c0891f09f0c88961ee8f79bc544acac\windows-amd64\native-platform.dll
0x0000000077ea0000 - 0x0000000077f13000 	C:\Users\bmth_\.gradle\native\0.2.5\x86_64-windows-gnu\gradle-fileevents.dll
0x00007ffb96910000 - 0x00007ffb9691a000 	C:\Program Files\Java\jdk-21\bin\management.dll
0x00007ffb93ef0000 - 0x00007ffb93efb000 	C:\Program Files\Java\jdk-21\bin\management_ext.dll
0x00007ffbcef90000 - 0x00007ffbcef98000 	C:\WINDOWS\System32\PSAPI.DLL
0x00007ffbccd50000 - 0x00007ffbccd6b000 	C:\WINDOWS\SYSTEM32\CRYPTSP.dll
0x00007ffbcc470000 - 0x00007ffbcc4aa000 	C:\WINDOWS\system32\rsaenh.dll
0x00007ffbccb30000 - 0x00007ffbccb5b000 	C:\WINDOWS\SYSTEM32\USERENV.dll
0x00007ffbcd640000 - 0x00007ffbcd66a000 	C:\WINDOWS\SYSTEM32\bcrypt.dll
0x00007ffbccd40000 - 0x00007ffbccd4c000 	C:\WINDOWS\SYSTEM32\CRYPTBASE.dll
0x00007ffbcbee0000 - 0x00007ffbcbf14000 	C:\WINDOWS\SYSTEM32\IPHLPAPI.DLL
0x00007ffbcefc0000 - 0x00007ffbcefca000 	C:\WINDOWS\System32\NSI.dll
0x00007ffb922e0000 - 0x00007ffb922e9000 	C:\Program Files\Java\jdk-21\bin\extnet.dll
0x00007ffb7d2e0000 - 0x00007ffb7d2ee000 	C:\Program Files\Java\jdk-21\bin\sunmscapi.dll
0x00007ffbce170000 - 0x00007ffbce2e7000 	C:\WINDOWS\System32\CRYPT32.dll
0x00007ffbccf60000 - 0x00007ffbccf90000 	C:\WINDOWS\SYSTEM32\ncrypt.dll
0x00007ffbccf10000 - 0x00007ffbccf4f000 	C:\WINDOWS\SYSTEM32\NTASN1.dll
0x00007ffb4c700000 - 0x00007ffb4c708000 	C:\WINDOWS\system32\wshunix.dll
0x00000000502f0000 - 0x0000000050363000 	C:\Users\bmth_\AppData\Local\Temp\native-platform3380652134820384695dir\gradle-fileevents.dll
0x00007ffbac910000 - 0x00007ffbac928000 	C:\WINDOWS\system32\napinsp.dll
0x00007ffbcbf70000 - 0x00007ffbcc09c000 	C:\WINDOWS\SYSTEM32\DNSAPI.dll
0x00007ffba9510000 - 0x00007ffba9522000 	C:\WINDOWS\System32\winrnr.dll
0x00007ffba9430000 - 0x00007ffba9452000 	C:\WINDOWS\system32\nlansp_c.dll
0x00007ffba9410000 - 0x00007ffba9426000 	C:\WINDOWS\system32\wshbth.dll
0x00007ffbbf800000 - 0x00007ffbbf80b000 	C:\Windows\System32\rasadhlp.dll
0x00007ffbc1eb0000 - 0x00007ffbc1f36000 	C:\WINDOWS\System32\fwpuclnt.dll

dbghelp: loaded successfully - version: 4.0.5 - missing functions: none
symbol engine: initialized successfully - sym options: 0x614 - pdb path: .;C:\Program Files\Java\jdk-21\bin;C:\WINDOWS\SYSTEM32;C:\WINDOWS\WinSxS\amd64_microsoft.windows.common-controls_6595b64144ccf1df_6.0.26100.7019_none_3e06ffa0e335b8a8;C:\Program Files\Java\jdk-21\bin\server;C:\Users\bmth_\.gradle\native\1def1411415f61bf3af743bc5b6707747c0891f09f0c88961ee8f79bc544acac\windows-amd64;C:\Users\bmth_\.gradle\native\0.2.5\x86_64-windows-gnu;C:\Users\bmth_\AppData\Local\Temp\native-platform3380652134820384695dir

VM Arguments:
jvm_args: --add-opens=java.base/java.lang=ALL-UNNAMED --add-opens=java.base/java.lang.invoke=ALL-UNNAMED --add-opens=java.base/java.util=ALL-UNNAMED --add-opens=java.prefs/java.util.prefs=ALL-UNNAMED --add-exports=jdk.compiler/com.sun.tools.javac.api=ALL-UNNAMED --add-exports=jdk.compiler/com.sun.tools.javac.util=ALL-UNNAMED --add-opens=java.base/java.util=ALL-UNNAMED --add-opens=java.prefs/java.util.prefs=ALL-UNNAMED --add-opens=java.base/java.nio.charset=ALL-UNNAMED --add-opens=java.base/java.net=ALL-UNNAMED --add-opens=java.base/java.util.concurrent.atomic=ALL-UNNAMED --add-opens=java.xml/javax.xml.namespace=ALL-UNNAMED -XX:MaxMetaspaceSize=4G -XX:ReservedCodeCacheSize=512m -XX:+HeapDumpOnOutOfMemoryError -Xmx8G -Dfile.encoding=UTF-8 -Duser.country=ES -Duser.language=es -Duser.variant -javaagent:C:\Users\bmth_\.gradle\wrapper\dists\gradle-8.12-all\ejduaidbjup3bmmkhw3rie4zb\gradle-8.12\lib\agents\gradle-instrumentation-agent-8.12.jar 
java_command: org.gradle.launcher.daemon.bootstrap.GradleDaemon 8.12
java_class_path (initial): C:\Users\bmth_\.gradle\wrapper\dists\gradle-8.12-all\ejduaidbjup3bmmkhw3rie4zb\gradle-8.12\lib\gradle-daemon-main-8.12.jar
Launcher Type: SUN_STANDARD

[Global flags]
     intx CICompilerCount                          = 4                                         {product} {ergonomic}
     uint ConcGCThreads                            = 2                                         {product} {ergonomic}
     uint G1ConcRefinementThreads                  = 8                                         {product} {ergonomic}
   size_t G1HeapRegionSize                         = 4194304                                   {product} {ergonomic}
    uintx GCDrainStackTargetSize                   = 64                                        {product} {ergonomic}
     bool HeapDumpOnOutOfMemoryError               = true                                   {manageable} {command line}
   size_t InitialHeapSize                          = 100663296                                 {product} {ergonomic}
   size_t MarkStackSize                            = 4194304                                   {product} {ergonomic}
   size_t MaxHeapSize                              = 8589934592                                {product} {command line}
   size_t MaxMetaspaceSize                         = 4294967296                                {product} {command line}
   size_t MaxNewSize                               = 5150605312                                {product} {ergonomic}
   size_t MinHeapDeltaBytes                        = 4194304                                   {product} {ergonomic}
   size_t MinHeapSize                              = 8388608                                   {product} {ergonomic}
    uintx NonNMethodCodeHeapSize                   = 5839372                                {pd product} {ergonomic}
    uintx NonProfiledCodeHeapSize                  = 265515770                              {pd product} {ergonomic}
    uintx ProfiledCodeHeapSize                     = 265515770                              {pd product} {ergonomic}
    uintx ReservedCodeCacheSize                    = 536870912                              {pd product} {command line}
     bool SegmentedCodeCache                       = true                                      {product} {ergonomic}
   size_t SoftMaxHeapSize                          = 8589934592                             {manageable} {ergonomic}
     bool UseCompressedOops                        = true                           {product lp64_product} {ergonomic}
     bool UseG1GC                                  = true                                      {product} {ergonomic}
     bool UseLargePagesIndividualAllocation        = false                                  {pd product} {ergonomic}

Logging:
Log output configuration:
 #0: stdout all=warning uptime,level,tags foldmultilines=false
 #1: stderr all=off uptime,level,tags foldmultilines=false

Environment Variables:
JAVA_HOME=C:\Program Files\Java\jdk-21
PATH=C:\flutter\bin;C:\Program Files\Common Files\Oracle\Java\javapath;C:\Program Files\Java\jdk-21\bin;C:\WINDOWS\system32;C:\WINDOWS;C:\WINDOWS\System32\Wbem;C:\WINDOWS\System32\WindowsPowerShell\v1.0\;C:\WINDOWS\System32\OpenSSH\;C:\Program Files\Git\cmd;C:\Program Files\dotnet\;C:\Program Files (x86)\Microsoft SQL Server\160\Tools\Binn\;C:\Program Files\Microsoft SQL Server\160\Tools\Binn\;C:\Program Files\Microsoft SQL Server\Client SDK\ODBC\170\Tools\Binn\;C:\Program Files\Microsoft SQL Server\160\DTS\Binn\;C:\Program Files\Microsoft SQL Server\150\Tools\Binn\;C:\Program Files (x86)\Microsoft SQL Server\160\DTS\Binn\;C:\flutter\bin;C:\Users\bmth_\AppData\Local\Microsoft\WindowsApps;C:\Users\bmth_\AppData\Local\Programs\Microsoft VS Code\bin;C:\Users\bmth_\.dotnet\tools;C:\Program Files\Java\jdk-21\bin;C:\Users\bmth_\AppData\Local\Android\Sdk\platform-tools;
USERNAME=bmth_
OS=Windows_NT
PROCESSOR_IDENTIFIER=AMD64 Family 23 Model 104 Stepping 1, AuthenticAMD
TMP=C:\Users\bmth_\AppData\Local\Temp
TEMP=C:\Users\bmth_\AppData\Local\Temp




Periodic native trim disabled

---------------  S Y S T E M  ---------------

OS:
 Windows 11 , 64 bit Build 26100 (10.0.26100.7019)
OS uptime: 0 days 6:09 hours
Hyper-V role detected

CPU: total 8 (initial active 8) (8 cores per cpu, 2 threads per core) family 23 model 104 stepping 1 microcode 0x8608103, cx8, cmov, fxsr, ht, mmx, 3dnowpref, sse, sse2, sse3, ssse3, sse4a, sse4.1, sse4.2, popcnt, lzcnt, tsc, tscinvbit, avx, avx2, aes, clmul, bmi1, bmi2, adx, sha, fma, vzeroupper, clflush, clflushopt, hv, rdtscp, rdpid, f16c
Processor Information for all 8 processors :
  Max Mhz: 2600, Current Mhz: 2600, Mhz Limit: 2600

Memory: 4k page, system-wide physical 5989M (386M free)
TotalPageFile size 24421M (AvailPageFile size 54M)
current process WorkingSet (physical memory assigned to process): 599M, peak: 599M
current process commit charge ("private bytes"): 733M, peak: 734M

vm_info: Java HotSpot(TM) 64-Bit Server VM (21.0.3+7-LTS-152) for windows-amd64 JRE (21.0.3+7-LTS-152), built on 2024-03-11T17:42:26Z by "mach5one" with MS VC++ 17.6 (VS2022)

END.
